2023-01-08 03:58:37 +0000  Initial pipeline context: <IDEDistributionProcessingPipelineContext: 0x7f96bf0e1e90; archive(resolved)="<IDEArchive: 0x7f9695406930>", distributionTask(resolved)="2", distributionDestination(resolved)="1", distributionMethod(resolved)="<IDEDistributionMethodDevelopmentSigned: 0x7f96c213ca00>", team(resolved)="<IDEProvisioningDisambiguatableBasicTeam: 0x7f96ba6fc710; teamID='M73S859JB7', teamName='Eunsae Rha', teamType='Individual', username='silverbird225@gmail.com', isFreeProvisioningTeam='0'>">
	Chain (14, self inclusive):
	<IDEDistributionProcessingPipelineContext: 0x7f96bf0e1e90; archive = "<IDEArchive: 0x7f9695406930>", distributionMethod="<IDEDistributionMethodDevelopmentSigned: 0x7f96c213ca00>", team="<IDEProvisioningDisambiguatableBasicTeam: 0x7f96ba6fc710; teamID='M73S859JB7', teamName='Eunsae Rha', teamType='Individual', username='silverbird225@gmail.com', isFreeProvisioningTeam='0'>">
	<IDEDistributionProcessingPipelineContext: 0x7f96bf0fcf30; archive = "<IDEArchive: 0x7f9695406930>", distributionMethod="<IDEDistributionMethodDevelopmentSigned: 0x7f96c213ca00>", team="<IDEProvisioningDisambiguatableBasicTeam: 0x7f96ba6fc710; teamID='M73S859JB7', teamName='Eunsae Rha', teamType='Individual', username='silverbird225@gmail.com', isFreeProvisioningTeam='0'>">
	<IDEDistributionContext: 0x7f96a61fe9d0; archive = "<IDEArchive: 0x7f9695406930>", distributionMethod="<IDEDistributionMethodDevelopmentSigned: 0x7f96c213ca00>", team="<IDEProvisioningDisambiguatableBasicTeam: 0x7f96ba6fc710; teamID='M73S859JB7', teamName='Eunsae Rha', teamType='Individual', username='silverbird225@gmail.com', isFreeProvisioningTeam='0'>">
	<IDEDistributionContext: 0x7f96a4bda5c0; archive = "<IDEArchive: 0x7f9695406930>", distributionMethod="<IDEDistributionMethodDevelopmentSigned: 0x7f96c213ca00>", team="<IDEProvisioningDisambiguatableBasicTeam: 0x7f96ba6fc710; teamID='M73S859JB7', teamName='Eunsae Rha', teamType='Individual', username='silverbird225@gmail.com', isFreeProvisioningTeam='0'>">
	<IDEDistributionContext: 0x7f96c03ac1e0; archive = "<IDEArchive: 0x7f9695406930>", distributionMethod="<IDEDistributionMethodDevelopmentSigned: 0x7f96c213ca00>", team="<IDEProvisioningDisambiguatableBasicTeam: 0x7f96ba6fc710; teamID='M73S859JB7', teamName='Eunsae Rha', teamType='Individual', username='silverbird225@gmail.com', isFreeProvisioningTeam='0'>">
	<IDEDistributionContext: 0x7f96a6162ad0; archive = "<IDEArchive: 0x7f9695406930>", distributionMethod="<IDEDistributionMethodDevelopmentSigned: 0x7f96c213ca00>", team="<IDEProvisioningDisambiguatableBasicTeam: 0x7f96ba6fc710; teamID='M73S859JB7', teamName='Eunsae Rha', teamType='Individual', username='silverbird225@gmail.com', isFreeProvisioningTeam='0'>">
	<IDEDistributionContext: 0x7f96c0412190; archive = "<IDEArchive: 0x7f9695406930>", distributionMethod="<IDEDistributionMethodDevelopmentSigned: 0x7f96c213ca00>", team="<IDEProvisioningDisambiguatableBasicTeam: 0x7f96ba6fc710; teamID='M73S859JB7', teamName='Eunsae Rha', teamType='Individual', username='silverbird225@gmail.com', isFreeProvisioningTeam='0'>">
	<IDEDistributionContext: 0x7f96954155d0; archive = "<IDEArchive: 0x7f9695406930>", distributionMethod="<IDEDistributionMethodDevelopmentSigned: 0x7f96c213ca00>", team="<IDEProvisioningDisambiguatableBasicTeam: 0x7f96ba6fc710; teamID='M73S859JB7', teamName='Eunsae Rha', teamType='Individual', username='silverbird225@gmail.com', isFreeProvisioningTeam='0'>">
	<IDEDistributionContext: 0x7f969ccacdb0; archive = "<IDEArchive: 0x7f9695406930>", distributionMethod="<IDEDistributionMethodDevelopmentSigned: 0x7f96c213ca00>", team="<IDEProvisioningDisambiguatableBasicTeam: 0x7f96ba6fc710; teamID='M73S859JB7', teamName='Eunsae Rha', teamType='Individual', username='silverbird225@gmail.com', isFreeProvisioningTeam='0'>">
	<IDEDistributionContext: 0x7f96942a2af0; archive = "<IDEArchive: 0x7f9695406930>", distributionMethod="<IDEDistributionMethodDevelopmentSigned: 0x7f96c213ca00>", team="(null)">
	<IDEDistributionContext: 0x7f96a640e5a0; archive = "<IDEArchive: 0x7f9695406930>", distributionMethod="<IDEDistributionMethodDevelopmentSigned: 0x7f96c213ca00>", team="(null)">
	<IDEDistributionContext: 0x7f9692a69890; archive = "<IDEArchive: 0x7f9695406930>", distributionMethod="<IDEDistributionMethodDevelopmentSigned: 0x7f96c213ca00>", team="(null)">
	<IDEDistributionContext: 0x7f96a2a2ea70; archive = "<IDEArchive: 0x7f9695406930>", distributionMethod="<IDEDistributionMethodDevelopmentSigned: 0x7f96c213ca00>", team="(null)">
	<IDEDistributionContext: 0x7f96bfafad50; archive = "<IDEArchive: 0x7f9695406930>", distributionMethod="(null)", team="(null)">
</IDEDistributionProcessingPipelineContext: 0x7f96bf0e1e90>
2023-01-08 03:58:37 +0000  Processing step: IDEDistributionCreateDestRootStep
2023-01-08 03:58:37 +0000  Processing step: IDEDistributionCopyItemStep
2023-01-08 03:58:37 +0000  Running /usr/bin/ditto '-V' '/Users/june/Library/Developer/Xcode/Archives/2023-01-08/Sileo 2023-01-08 12.57 PM.xcarchive/Products/Applications/Sileo.app' '/var/folders/hr/0334klxx5jgcmrbyv4bywpnc0000gn/T/XcodeDistPipeline.~~~dhepU0/Root/Payload/Sileo.app'
2023-01-08 03:58:37 +0000  >>> Copying /Users/june/Library/Developer/Xcode/Archives/2023-01-08/Sileo 2023-01-08 12.57 PM.xcarchive/Products/Applications/Sileo.app 
2023-01-08 03:58:37 +0000  copying file ./de.lproj/Localizable.strings ... 
2023-01-08 03:58:37 +0000  12401 bytes for ./de.lproj/Localizable.strings
copying file ./de.lproj/Errors.strings ... 
2023-01-08 03:58:37 +0000  4396 bytes for ./de.lproj/Errors.strings
copying file ./de.lproj/Localizable.stringsdict ... 
2023-01-08 03:58:37 +0000  806 bytes for ./de.lproj/Localizable.stringsdict
copying file ./de.lproj/Categories.strings ... 
2023-01-08 03:58:37 +0000  391 bytes for ./de.lproj/Categories.strings
2023-01-08 03:58:37 +0000  copying file ./MangoCrazy@3x.png ... 
2023-01-08 03:58:37 +0000  10414 bytes for ./MangoCrazy@3x.png
2023-01-08 03:58:37 +0000  copying file ./_CodeSignature/CodeResources ... 
2023-01-08 03:58:37 +0000  79827 bytes for ./_CodeSignature/CodeResources
2023-01-08 03:58:37 +0000  copying file ./DarkMagic~ipad@3x.png ... 
2023-01-08 03:58:37 +0000  13107 bytes for ./DarkMagic~ipad@3x.png
2023-01-08 03:58:37 +0000  copying file ./he.lproj/Localizable.strings ... 
2023-01-08 03:58:37 +0000  11555 bytes for ./he.lproj/Localizable.strings
2023-01-08 03:58:37 +0000  copying file ./he.lproj/Errors.strings ... 
2023-01-08 03:58:37 +0000  4088 bytes for ./he.lproj/Errors.strings
copying file ./he.lproj/Localizable.stringsdict ... 
2023-01-08 03:58:37 +0000  772 bytes for ./he.lproj/Localizable.stringsdict
2023-01-08 03:58:37 +0000  copying file ./he.lproj/Categories.strings ... 
2023-01-08 03:58:37 +0000  433 bytes for ./he.lproj/Categories.strings
2023-01-08 03:58:37 +0000  copying file ./ar.lproj/Localizable.strings ... 
2023-01-08 03:58:37 +0000  12476 bytes for ./ar.lproj/Localizable.strings
2023-01-08 03:58:37 +0000  copying file ./ar.lproj/Errors.strings ... 
2023-01-08 03:58:37 +0000  3981 bytes for ./ar.lproj/Errors.strings
2023-01-08 03:58:37 +0000  copying file ./ar.lproj/Localizable.stringsdict ... 
2023-01-08 03:58:37 +0000  844 bytes for ./ar.lproj/Localizable.stringsdict
copying file ./ar.lproj/Categories.strings ... 
2023-01-08 03:58:37 +0000  455 bytes for ./ar.lproj/Categories.strings
2023-01-08 03:58:37 +0000  copying file ./CottonCandy@3x.png ... 
2023-01-08 03:58:37 +0000  13818 bytes for ./CottonCandy@3x.png
2023-01-08 03:58:37 +0000  copying file ./el.lproj/Localizable.strings ... 
2023-01-08 03:58:37 +0000  8920 bytes for ./el.lproj/Localizable.strings
2023-01-08 03:58:37 +0000  copying file ./el.lproj/Errors.strings ... 
2023-01-08 03:58:37 +0000  2945 bytes for ./el.lproj/Errors.strings
copying file ./el.lproj/Localizable.stringsdict ... 
2023-01-08 03:58:37 +0000  630 bytes for ./el.lproj/Localizable.stringsdict
2023-01-08 03:58:37 +0000  copying file ./el.lproj/Categories.strings ... 
2023-01-08 03:58:37 +0000  255 bytes for ./el.lproj/Categories.strings
2023-01-08 03:58:37 +0000  copying file ./zh-Hans.lproj/Localizable.strings ... 
2023-01-08 03:58:37 +0000  7679 bytes for ./zh-Hans.lproj/Localizable.strings
copying file ./zh-Hans.lproj/Errors.strings ... 
2023-01-08 03:58:37 +0000  2344 bytes for ./zh-Hans.lproj/Errors.strings
copying file ./zh-Hans.lproj/Localizable.stringsdict ... 
2023-01-08 03:58:37 +0000  568 bytes for ./zh-Hans.lproj/Localizable.stringsdict
2023-01-08 03:58:37 +0000  copying file ./zh-Hans.lproj/Categories.strings ... 
2023-01-08 03:58:37 +0000  282 bytes for ./zh-Hans.lproj/Categories.strings
2023-01-08 03:58:37 +0000  copying file ./ja.lproj/Localizable.strings ... 
2023-01-08 03:58:37 +0000  9187 bytes for ./ja.lproj/Localizable.strings
2023-01-08 03:58:37 +0000  copying file ./ja.lproj/Errors.strings ... 
2023-01-08 03:58:37 +0000  3048 bytes for ./ja.lproj/Errors.strings
copying file ./ja.lproj/Localizable.stringsdict ... 
2023-01-08 03:58:37 +0000  627 bytes for ./ja.lproj/Localizable.stringsdict
2023-01-08 03:58:37 +0000  copying file ./ja.lproj/Categories.strings ... 
2023-01-08 03:58:37 +0000  344 bytes for ./ja.lproj/Categories.strings
2023-01-08 03:58:37 +0000  copying file ./NewsViewController.nib ... 
2023-01-08 03:58:37 +0000  2906 bytes for ./NewsViewController.nib
2023-01-08 03:58:37 +0000  copying file ./CoolBreeze~ipad@3x.png ... 
2023-01-08 03:58:37 +0000  9138 bytes for ./CoolBreeze~ipad@3x.png
2023-01-08 03:58:37 +0000  copying file ./Sus@3x.png ... 
2023-01-08 03:58:37 +0000  5350 bytes for ./Sus@3x.png
copying file ./DownloadsTableViewController.nib ... 
2023-01-08 03:58:37 +0000  11281 bytes for ./DownloadsTableViewController.nib
copying file ./PackageViewController.nib ... 
2023-01-08 03:58:37 +0000  7350 bytes for ./PackageViewController.nib
2023-01-08 03:58:37 +0000  copying file ./FlowerSileo~ipad@2x.png ... 
2023-01-08 03:58:37 +0000  6705 bytes for ./FlowerSileo~ipad@2x.png
2023-01-08 03:58:37 +0000  copying file ./Electra~ipad@2x.png ... 
2023-01-08 03:58:37 +0000  4919 bytes for ./Electra~ipad@2x.png
2023-01-08 03:58:37 +0000  copying file ./StrawberrySunset@2x.png ... 
2023-01-08 03:58:37 +0000  3889 bytes for ./StrawberrySunset@2x.png
copying file ./Hazel~ipad@2x.png ... 
2023-01-08 03:58:37 +0000  6174 bytes for ./Hazel~ipad@2x.png
2023-01-08 03:58:37 +0000  copying file ./SourcesErrorsViewController.nib ... 
2023-01-08 03:58:37 +0000  5681 bytes for ./SourcesErrorsViewController.nib
copying file ./CoolBreeze@3x.png ... 
2023-01-08 03:58:37 +0000  9611 bytes for ./CoolBreeze@3x.png
2023-01-08 03:58:37 +0000  copying file ./Midnight~ipad@2x.png ... 
2023-01-08 03:58:37 +0000  1054 bytes for ./Midnight~ipad@2x.png
copying file ./SugarFree~ipad@3x.png ... 
2023-01-08 03:58:37 +0000  8047 bytes for ./SugarFree~ipad@3x.png
2023-01-08 03:58:37 +0000  copying file ./uk.lproj/Localizable.strings ... 
2023-01-08 03:58:37 +0000  9504 bytes for ./uk.lproj/Localizable.strings
2023-01-08 03:58:37 +0000  copying file ./uk.lproj/Errors.strings ... 
2023-01-08 03:58:37 +0000  3313 bytes for ./uk.lproj/Errors.strings
copying file ./uk.lproj/Localizable.stringsdict ... 
2023-01-08 03:58:37 +0000  774 bytes for ./uk.lproj/Localizable.stringsdict
2023-01-08 03:58:37 +0000  copying file ./uk.lproj/Categories.strings ... 
2023-01-08 03:58:37 +0000  465 bytes for ./uk.lproj/Categories.strings
2023-01-08 03:58:37 +0000  copying file ./CottonCandy~ipad@2x.png ... 
2023-01-08 03:58:37 +0000  10206 bytes for ./CottonCandy~ipad@2x.png
2023-01-08 03:58:37 +0000  copying file ./Midnight@2x.png ... 
2023-01-08 03:58:37 +0000  815 bytes for ./Midnight@2x.png
2023-01-08 03:58:37 +0000  copying file ./PackageCollectionViewCell.nib/runtime.nib ... 
2023-01-08 03:58:37 +0000  6984 bytes for ./PackageCollectionViewCell.nib/runtime.nib
2023-01-08 03:58:37 +0000  copying file ./PackageCollectionViewCell.nib/objects-12.3+.nib ... 
2023-01-08 03:58:37 +0000  7192 bytes for ./PackageCollectionViewCell.nib/objects-12.3+.nib
2023-01-08 03:58:37 +0000  copying file ./Midnight@3x.png ... 
2023-01-08 03:58:37 +0000  1200 bytes for ./Midnight@3x.png
2023-01-08 03:58:37 +0000  copying file ./CottonCandy~ipad@3x.png ... 
2023-01-08 03:58:37 +0000  11950 bytes for ./CottonCandy~ipad@3x.png
copying file ./Midnight~ipad@3x.png ... 
2023-01-08 03:58:37 +0000  1099 bytes for ./Midnight~ipad@3x.png
2023-01-08 03:58:37 +0000  copying file ./SugarFree~ipad@2x.png ... 
2023-01-08 03:58:37 +0000  7617 bytes for ./SugarFree~ipad@2x.png
2023-01-08 03:58:37 +0000  copying file ./CoolBreeze@2x.png ... 
2023-01-08 03:58:37 +0000  6639 bytes for ./CoolBreeze@2x.png
2023-01-08 03:58:37 +0000  copying file ./Hazel~ipad@3x.png ... 
2023-01-08 03:58:37 +0000  6811 bytes for ./Hazel~ipad@3x.png
copying file ./StrawberrySunset@3x.png ... 
2023-01-08 03:58:37 +0000  5946 bytes for ./StrawberrySunset@3x.png
2023-01-08 03:58:37 +0000  copying file ./Electra~ipad@3x.png ... 
2023-01-08 03:58:37 +0000  5412 bytes for ./Electra~ipad@3x.png
2023-01-08 03:58:37 +0000  copying file ./FlowerSileo~ipad@3x.png ... 
2023-01-08 03:58:37 +0000  7312 bytes for ./FlowerSileo~ipad@3x.png
2023-01-08 03:58:37 +0000  copying file ./nb.lproj/Localizable.strings ... 
2023-01-08 03:58:37 +0000  11388 bytes for ./nb.lproj/Localizable.strings
2023-01-08 03:58:37 +0000  copying file ./nb.lproj/Errors.strings ... 
2023-01-08 03:58:37 +0000  3842 bytes for ./nb.lproj/Errors.strings
copying file ./nb.lproj/Localizable.stringsdict ... 
2023-01-08 03:58:37 +0000  695 bytes for ./nb.lproj/Localizable.stringsdict
2023-01-08 03:58:37 +0000  copying file ./nb.lproj/Categories.strings ... 
2023-01-08 03:58:37 +0000  410 bytes for ./nb.lproj/Categories.strings
2023-01-08 03:58:37 +0000  copying file ./FlaggedSourceWarningViewController.nib ... 
2023-01-08 03:58:37 +0000  8306 bytes for ./FlaggedSourceWarningViewController.nib
2023-01-08 03:58:37 +0000  copying file ./Sus@2x.png ... 
2023-01-08 03:58:37 +0000  3290 bytes for ./Sus@2x.png
2023-01-08 03:58:37 +0000  copying file ./es.lproj/Localizable.strings ... 
2023-01-08 03:58:37 +0000  12343 bytes for ./es.lproj/Localizable.strings
2023-01-08 03:58:37 +0000  copying file ./es.lproj/Errors.strings ... 
2023-01-08 03:58:37 +0000  4124 bytes for ./es.lproj/Errors.strings
2023-01-08 03:58:37 +0000  copying file ./es.lproj/Localizable.stringsdict ... 
2023-01-08 03:58:37 +0000  774 bytes for ./es.lproj/Localizable.stringsdict
copying file ./es.lproj/Categories.strings ... 
2023-01-08 03:58:37 +0000  402 bytes for ./es.lproj/Categories.strings
2023-01-08 03:58:37 +0000  copying file ./CoolBreeze~ipad@2x.png ... 
2023-01-08 03:58:37 +0000  8402 bytes for ./CoolBreeze~ipad@2x.png
2023-01-08 03:58:37 +0000  copying file ./NewsArticlesViewController.nib ... 
2023-01-08 03:58:37 +0000  2602 bytes for ./NewsArticlesViewController.nib
2023-01-08 03:58:37 +0000  copying file ./CottonCandy@2x.png ... 
2023-01-08 03:58:37 +0000  6893 bytes for ./CottonCandy@2x.png
2023-01-08 03:58:37 +0000  copying file ./da.lproj/Localizable.strings ... 
2023-01-08 03:58:37 +0000  6488 bytes for ./da.lproj/Localizable.strings
2023-01-08 03:58:37 +0000  copying file ./da.lproj/Errors.strings ... 
2023-01-08 03:58:37 +0000  2945 bytes for ./da.lproj/Errors.strings
2023-01-08 03:58:37 +0000  copying file ./da.lproj/Localizable.stringsdict ... 
2023-01-08 03:58:37 +0000  630 bytes for ./da.lproj/Localizable.stringsdict
2023-01-08 03:58:37 +0000  copying file ./da.lproj/Categories.strings ... 
2023-01-08 03:58:37 +0000  255 bytes for ./da.lproj/Categories.strings
2023-01-08 03:58:37 +0000  copying file ./DarkMagic~ipad@2x.png ... 
2023-01-08 03:58:37 +0000  11410 bytes for ./DarkMagic~ipad@2x.png
2023-01-08 03:58:37 +0000  copying file ./en-PT.lproj/Localizable.strings ... 
2023-01-08 03:58:37 +0000  8920 bytes for ./en-PT.lproj/Localizable.strings
2023-01-08 03:58:37 +0000  copying file ./en-PT.lproj/Errors.strings ... 
2023-01-08 03:58:37 +0000  2945 bytes for ./en-PT.lproj/Errors.strings
2023-01-08 03:58:37 +0000  copying file ./en-PT.lproj/Localizable.stringsdict ... 
2023-01-08 03:58:37 +0000  630 bytes for ./en-PT.lproj/Localizable.stringsdict
2023-01-08 03:58:37 +0000  copying file ./en-PT.lproj/Categories.strings ... 
2023-01-08 03:58:37 +0000  255 bytes for ./en-PT.lproj/Categories.strings
2023-01-08 03:58:37 +0000  copying file ./MangoCrazy@2x.png ... 
2023-01-08 03:58:37 +0000  7051 bytes for ./MangoCrazy@2x.png
2023-01-08 03:58:37 +0000  copying file ./Mixture~ipad@2x.png ... 
2023-01-08 03:58:37 +0000  1143 bytes for ./Mixture~ipad@2x.png
copying file ./OG@2x.png ... 
2023-01-08 03:58:37 +0000  6173 bytes for ./OG@2x.png
2023-01-08 03:58:37 +0000  copying file ./Stardust~ipad@3x.png ... 
2023-01-08 03:58:37 +0000  10719 bytes for ./Stardust~ipad@3x.png
2023-01-08 03:58:37 +0000  copying file ./it.lproj/Localizable.strings ... 
2023-01-08 03:58:37 +0000  11818 bytes for ./it.lproj/Localizable.strings
2023-01-08 03:58:37 +0000  copying file ./it.lproj/Errors.strings ... 
2023-01-08 03:58:37 +0000  4705 bytes for ./it.lproj/Errors.strings
copying file ./it.lproj/Localizable.stringsdict ... 
2023-01-08 03:58:37 +0000  662 bytes for ./it.lproj/Localizable.stringsdict
2023-01-08 03:58:37 +0000  copying file ./it.lproj/Categories.strings ... 
2023-01-08 03:58:37 +0000  384 bytes for ./it.lproj/Categories.strings
2023-01-08 03:58:37 +0000  copying file ./Cheyote~ipad@2x.png ... 
2023-01-08 03:58:37 +0000  14539 bytes for ./Cheyote~ipad@2x.png
2023-01-08 03:58:37 +0000  copying file ./AppIcon60x60@2x.png ... 
2023-01-08 03:58:37 +0000  3072 bytes for ./AppIcon60x60@2x.png
2023-01-08 03:58:37 +0000  copying file ./Procursus@3x.png ... 
2023-01-08 03:58:37 +0000  5115 bytes for ./Procursus@3x.png
2023-01-08 03:58:37 +0000  copying file ./Taurine@3x.png ... 
2023-01-08 03:58:37 +0000  10549 bytes for ./Taurine@3x.png
copying file ./Mixture@2x.png ... 
2023-01-08 03:58:37 +0000  868 bytes for ./Mixture@2x.png
2023-01-08 03:58:37 +0000  copying file ./sr.lproj/Localizable.strings ... 
2023-01-08 03:58:37 +0000  8920 bytes for ./sr.lproj/Localizable.strings
2023-01-08 03:58:37 +0000  copying file ./sr.lproj/Errors.strings ... 
2023-01-08 03:58:37 +0000  2945 bytes for ./sr.lproj/Errors.strings
copying file ./sr.lproj/Localizable.stringsdict ... 
2023-01-08 03:58:37 +0000  644 bytes for ./sr.lproj/Localizable.stringsdict
2023-01-08 03:58:37 +0000  copying file ./sr.lproj/Categories.strings ... 
2023-01-08 03:58:37 +0000  255 bytes for ./sr.lproj/Categories.strings
2023-01-08 03:58:37 +0000  copying file ./ms.lproj/Localizable.strings ... 
2023-01-08 03:58:37 +0000  9464 bytes for ./ms.lproj/Localizable.strings
2023-01-08 03:58:37 +0000  copying file ./ms.lproj/Errors.strings ... 
2023-01-08 03:58:37 +0000  2955 bytes for ./ms.lproj/Errors.strings
copying file ./ms.lproj/Localizable.stringsdict ... 
2023-01-08 03:58:37 +0000  588 bytes for ./ms.lproj/Localizable.stringsdict
2023-01-08 03:58:37 +0000  copying file ./ms.lproj/Categories.strings ... 
2023-01-08 03:58:37 +0000  358 bytes for ./ms.lproj/Categories.strings
2023-01-08 03:58:37 +0000  copying file ./Procursus~ipad@2x.png ... 
2023-01-08 03:58:37 +0000  4413 bytes for ./Procursus~ipad@2x.png
2023-01-08 03:58:37 +0000  copying file ./Procursus~ipad@3x.png ... 
2023-01-08 03:58:37 +0000  4761 bytes for ./Procursus~ipad@3x.png
2023-01-08 03:58:37 +0000  copying file ./Licenses.plist ... 
2023-01-08 03:58:37 +0000  23228 bytes for ./Licenses.plist
2023-01-08 03:58:37 +0000  copying file ./sv.lproj/Localizable.strings ... 
2023-01-08 03:58:37 +0000  11808 bytes for ./sv.lproj/Localizable.strings
2023-01-08 03:58:37 +0000  copying file ./sv.lproj/Errors.strings ... 
2023-01-08 03:58:37 +0000  4023 bytes for ./sv.lproj/Errors.strings
2023-01-08 03:58:37 +0000  copying file ./sv.lproj/Localizable.stringsdict ... 
2023-01-08 03:58:37 +0000  739 bytes for ./sv.lproj/Localizable.stringsdict
2023-01-08 03:58:37 +0000  copying file ./sv.lproj/Categories.strings ... 
2023-01-08 03:58:37 +0000  362 bytes for ./sv.lproj/Categories.strings
2023-01-08 03:58:37 +0000  copying file ./Mixture@3x.png ... 
2023-01-08 03:58:37 +0000  1333 bytes for ./Mixture@3x.png
2023-01-08 03:58:37 +0000  copying file ./cs.lproj/Localizable.strings ... 
2023-01-08 03:58:37 +0000  8920 bytes for ./cs.lproj/Localizable.strings
2023-01-08 03:58:37 +0000  copying file ./cs.lproj/Errors.strings ... 
2023-01-08 03:58:37 +0000  2945 bytes for ./cs.lproj/Errors.strings
copying file ./cs.lproj/Localizable.stringsdict ... 
2023-01-08 03:58:37 +0000  659 bytes for ./cs.lproj/Localizable.stringsdict
2023-01-08 03:58:37 +0000  copying file ./cs.lproj/Categories.strings ... 
2023-01-08 03:58:37 +0000  255 bytes for ./cs.lproj/Categories.strings
2023-01-08 03:58:37 +0000  copying file ./Taurine@2x.png ... 
2023-01-08 03:58:37 +0000  7124 bytes for ./Taurine@2x.png
2023-01-08 03:58:37 +0000  copying file ./ko.lproj/Localizable.strings ... 
2023-01-08 03:58:37 +0000  9010 bytes for ./ko.lproj/Localizable.strings
2023-01-08 03:58:37 +0000  copying file ./ko.lproj/Errors.strings ... 
2023-01-08 03:58:37 +0000  3008 bytes for ./ko.lproj/Errors.strings
2023-01-08 03:58:37 +0000  copying file ./ko.lproj/Localizable.stringsdict ... 
2023-01-08 03:58:37 +0000  650 bytes for ./ko.lproj/Localizable.stringsdict
2023-01-08 03:58:37 +0000  copying file ./ko.lproj/Categories.strings ... 
2023-01-08 03:58:37 +0000  308 bytes for ./ko.lproj/Categories.strings
2023-01-08 03:58:37 +0000  copying file ./Procursus@2x.png ... 
2023-01-08 03:58:37 +0000  3609 bytes for ./Procursus@2x.png
2023-01-08 03:58:37 +0000  copying file ./Cheyote~ipad@3x.png ... 
2023-01-08 03:58:37 +0000  15922 bytes for ./Cheyote~ipad@3x.png
2023-01-08 03:58:37 +0000  copying file ./PackageListHeader.nib ... 
2023-01-08 03:58:37 +0000  6326 bytes for ./PackageListHeader.nib
2023-01-08 03:58:37 +0000  copying file ./Base.lproj/Localizable.strings ... 
2023-01-08 03:58:37 +0000  8920 bytes for ./Base.lproj/Localizable.strings
2023-01-08 03:58:37 +0000  copying file ./Base.lproj/Errors.strings ... 
2023-01-08 03:58:37 +0000  2945 bytes for ./Base.lproj/Errors.strings
2023-01-08 03:58:37 +0000  copying file ./Base.lproj/Main.storyboardc/UITabBarController-49e-Tb-3d3.nib/runtime.nib ... 
2023-01-08 03:58:37 +0000  5789 bytes for ./Base.lproj/Main.storyboardc/UITabBarController-49e-Tb-3d3.nib/runtime.nib
2023-01-08 03:58:37 +0000  copying file ./Base.lproj/Main.storyboardc/UITabBarController-49e-Tb-3d3.nib/objects-14.0+.nib ... 
2023-01-08 03:58:37 +0000  5789 bytes for ./Base.lproj/Main.storyboardc/UITabBarController-49e-Tb-3d3.nib/objects-14.0+.nib
2023-01-08 03:58:37 +0000  copying file ./Base.lproj/Main.storyboardc/sum-S4-WM1-view-vkS-za-4be.nib/runtime.nib ... 
2023-01-08 03:58:37 +0000  1292 bytes for ./Base.lproj/Main.storyboardc/sum-S4-WM1-view-vkS-za-4be.nib/runtime.nib
2023-01-08 03:58:37 +0000  copying file ./Base.lproj/Main.storyboardc/sum-S4-WM1-view-vkS-za-4be.nib/objects-14.0+.nib ... 
2023-01-08 03:58:37 +0000  1292 bytes for ./Base.lproj/Main.storyboardc/sum-S4-WM1-view-vkS-za-4be.nib/objects-14.0+.nib
2023-01-08 03:58:37 +0000  copying file ./Base.lproj/Main.storyboardc/MMv-GC-pDN-view-Rxc-C4-b82.nib/runtime.nib ... 
2023-01-08 03:58:37 +0000  1197 bytes for ./Base.lproj/Main.storyboardc/MMv-GC-pDN-view-Rxc-C4-b82.nib/runtime.nib
2023-01-08 03:58:37 +0000  copying file ./Base.lproj/Main.storyboardc/MMv-GC-pDN-view-Rxc-C4-b82.nib/objects-14.0+.nib ... 
2023-01-08 03:58:37 +0000  1197 bytes for ./Base.lproj/Main.storyboardc/MMv-GC-pDN-view-Rxc-C4-b82.nib/objects-14.0+.nib
2023-01-08 03:58:37 +0000  copying file ./Base.lproj/Main.storyboardc/Info.plist ... 
2023-01-08 03:58:37 +0000  264 bytes for ./Base.lproj/Main.storyboardc/Info.plist
2023-01-08 03:58:37 +0000  copying file ./Base.lproj/LaunchScreen.storyboardc/01J-lp-oVM-view-Ze5-6b-2t3.nib ... 
2023-01-08 03:58:37 +0000  1197 bytes for ./Base.lproj/LaunchScreen.storyboardc/01J-lp-oVM-view-Ze5-6b-2t3.nib
copying file ./Base.lproj/LaunchScreen.storyboardc/UIViewController-01J-lp-oVM.nib ... 
2023-01-08 03:58:37 +0000  896 bytes for ./Base.lproj/LaunchScreen.storyboardc/UIViewController-01J-lp-oVM.nib
2023-01-08 03:58:37 +0000  copying file ./Base.lproj/LaunchScreen.storyboardc/Info.plist ... 
2023-01-08 03:58:37 +0000  258 bytes for ./Base.lproj/LaunchScreen.storyboardc/Info.plist
2023-01-08 03:58:37 +0000  copying file ./Base.lproj/Localizable.stringsdict ... 
2023-01-08 03:58:37 +0000  653 bytes for ./Base.lproj/Localizable.stringsdict
2023-01-08 03:58:37 +0000  copying file ./Base.lproj/Categories.strings ... 
2023-01-08 03:58:37 +0000  255 bytes for ./Base.lproj/Categories.strings
2023-01-08 03:58:37 +0000  copying file ./zh-Hant.lproj/Localizable.strings ... 
2023-01-08 03:58:37 +0000  7659 bytes for ./zh-Hant.lproj/Localizable.strings
2023-01-08 03:58:37 +0000  copying file ./zh-Hant.lproj/Errors.strings ... 
2023-01-08 03:58:37 +0000  2282 bytes for ./zh-Hant.lproj/Errors.strings
2023-01-08 03:58:37 +0000  copying file ./zh-Hant.lproj/Localizable.stringsdict ... 
2023-01-08 03:58:37 +0000  600 bytes for ./zh-Hant.lproj/Localizable.stringsdict
2023-01-08 03:58:37 +0000  copying file ./zh-Hant.lproj/Categories.strings ... 
2023-01-08 03:58:37 +0000  294 bytes for ./zh-Hant.lproj/Categories.strings
2023-01-08 03:58:37 +0000  copying file ./OG@3x.png ... 
2023-01-08 03:58:37 +0000  11185 bytes for ./OG@3x.png
2023-01-08 03:58:37 +0000  copying file ./Stardust~ipad@2x.png ... 
2023-01-08 03:58:37 +0000  9522 bytes for ./Stardust~ipad@2x.png
2023-01-08 03:58:37 +0000  copying file ./Mixture~ipad@3x.png ... 
2023-01-08 03:58:37 +0000  1219 bytes for ./Mixture~ipad@3x.png
2023-01-08 03:58:37 +0000  copying file ./FlowerSileo@2x.png ... 
2023-01-08 03:58:37 +0000  2832 bytes for ./FlowerSileo@2x.png
2023-01-08 03:58:37 +0000  copying file ./DarkMagic@3x.png ... 
2023-01-08 03:58:37 +0000  13361 bytes for ./DarkMagic@3x.png
2023-01-08 03:58:37 +0000  copying file ./Odyssey@2x.png ... 
2023-01-08 03:58:37 +0000  4606 bytes for ./Odyssey@2x.png
copying file ./Hazel@3x.png ... 
2023-01-08 03:58:37 +0000  7292 bytes for ./Hazel@3x.png
2023-01-08 03:58:37 +0000  copying file ./hu.lproj/Localizable.strings ... 
2023-01-08 03:58:37 +0000  12999 bytes for ./hu.lproj/Localizable.strings
2023-01-08 03:58:37 +0000  copying file ./hu.lproj/Errors.strings ... 
2023-01-08 03:58:37 +0000  4538 bytes for ./hu.lproj/Errors.strings
2023-01-08 03:58:37 +0000  copying file ./hu.lproj/Localizable.stringsdict ... 
2023-01-08 03:58:37 +0000  745 bytes for ./hu.lproj/Localizable.stringsdict
2023-01-08 03:58:37 +0000  copying file ./hu.lproj/Categories.strings ... 
2023-01-08 03:58:37 +0000  492 bytes for ./hu.lproj/Categories.strings
2023-01-08 03:58:37 +0000  copying file ./BlueLemonade~ipad@2x.png ... 
2023-01-08 03:58:37 +0000  7742 bytes for ./BlueLemonade~ipad@2x.png
2023-01-08 03:58:37 +0000  copying file ./Nightly@2x.png ... 
2023-01-08 03:58:37 +0000  6865 bytes for ./Nightly@2x.png
2023-01-08 03:58:37 +0000  copying file ./SugarFree@3x.png ... 
2023-01-08 03:58:37 +0000  8583 bytes for ./SugarFree@3x.png
2023-01-08 03:58:37 +0000  copying file ./PackageListHeaderBlank.nib ... 
2023-01-08 03:58:37 +0000  1057 bytes for ./PackageListHeaderBlank.nib
2023-01-08 03:58:37 +0000  copying file ./Assets.car ... 
2023-01-08 03:58:37 +0000  520200 bytes for ./Assets.car
2023-01-08 03:58:37 +0000  copying file ./MangoCrazy~ipad@3x.png ... 
2023-01-08 03:58:37 +0000  9650 bytes for ./MangoCrazy~ipad@3x.png
2023-01-08 03:58:37 +0000  copying file ./Taurine~ipad@3x.png ... 
2023-01-08 03:58:37 +0000  9150 bytes for ./Taurine~ipad@3x.png
2023-01-08 03:58:37 +0000  copying file ./tr.lproj/Localizable.strings ... 
2023-01-08 03:58:37 +0000  13263 bytes for ./tr.lproj/Localizable.strings
2023-01-08 03:58:37 +0000  copying file ./tr.lproj/Errors.strings ... 
2023-01-08 03:58:37 +0000  4394 bytes for ./tr.lproj/Errors.strings
2023-01-08 03:58:37 +0000  copying file ./tr.lproj/Localizable.stringsdict ... 
2023-01-08 03:58:37 +0000  684 bytes for ./tr.lproj/Localizable.stringsdict
copying file ./tr.lproj/Categories.strings ... 
2023-01-08 03:58:37 +0000  419 bytes for ./tr.lproj/Categories.strings
2023-01-08 03:58:37 +0000  copying file ./pl.lproj/Localizable.strings ... 
2023-01-08 03:58:37 +0000  13084 bytes for ./pl.lproj/Localizable.strings
2023-01-08 03:58:37 +0000  copying file ./pl.lproj/Errors.strings ... 
2023-01-08 03:58:37 +0000  4635 bytes for ./pl.lproj/Errors.strings
copying file ./pl.lproj/Localizable.stringsdict ... 
2023-01-08 03:58:37 +0000  761 bytes for ./pl.lproj/Localizable.stringsdict
2023-01-08 03:58:37 +0000  copying file ./pl.lproj/Categories.strings ... 
2023-01-08 03:58:37 +0000  386 bytes for ./pl.lproj/Categories.strings
2023-01-08 03:58:37 +0000  copying file ./OG~ipad@2x.png ... 
2023-01-08 03:58:37 +0000  8386 bytes for ./OG~ipad@2x.png
2023-01-08 03:58:37 +0000  copying file ./Nightly~ipad@2x.png ... 
2023-01-08 03:58:37 +0000  8683 bytes for ./Nightly~ipad@2x.png
copying file ./AppIcon76x76@2x~ipad.png ... 
2023-01-08 03:58:37 +0000  3757 bytes for ./AppIcon76x76@2x~ipad.png
2023-01-08 03:58:37 +0000  copying file ./FeaturedViewController.nib ... 
2023-01-08 03:58:37 +0000  2604 bytes for ./FeaturedViewController.nib
copying file ./InstalledContentsViewController.nib ... 
2023-01-08 03:58:37 +0000  1333 bytes for ./InstalledContentsViewController.nib
2023-01-08 03:58:37 +0000  copying file ./OG~ipad@3x.png ... 
2023-01-08 03:58:37 +0000  9793 bytes for ./OG~ipad@3x.png
copying file ./Nightly~ipad@3x.png ... 
2023-01-08 03:58:37 +0000  9337 bytes for ./Nightly~ipad@3x.png
2023-01-08 03:58:37 +0000  copying file ./pt-BR.lproj/Localizable.strings ... 
2023-01-08 03:58:37 +0000  12548 bytes for ./pt-BR.lproj/Localizable.strings
2023-01-08 03:58:37 +0000  copying file ./pt-BR.lproj/Errors.strings ... 
2023-01-08 03:58:37 +0000  4157 bytes for ./pt-BR.lproj/Errors.strings
2023-01-08 03:58:37 +0000  copying file ./pt-BR.lproj/Localizable.stringsdict ... 
2023-01-08 03:58:37 +0000  734 bytes for ./pt-BR.lproj/Localizable.stringsdict
2023-01-08 03:58:37 +0000  copying file ./pt-BR.lproj/Categories.strings ... 
2023-01-08 03:58:37 +0000  371 bytes for ./pt-BR.lproj/Categories.strings
2023-01-08 03:58:37 +0000  copying file ./MangoCrazy~ipad@2x.png ... 
2023-01-08 03:58:37 +0000  9030 bytes for ./MangoCrazy~ipad@2x.png
2023-01-08 03:58:37 +0000  copying file ./Taurine~ipad@2x.png ... 
2023-01-08 03:58:37 +0000  9150 bytes for ./Taurine~ipad@2x.png
2023-01-08 03:58:37 +0000  copying file ./vi.lproj/Localizable.strings ... 
2023-01-08 03:58:37 +0000  13595 bytes for ./vi.lproj/Localizable.strings
2023-01-08 03:58:37 +0000  copying file ./vi.lproj/Errors.strings ... 
2023-01-08 03:58:37 +0000  4313 bytes for ./vi.lproj/Errors.strings
2023-01-08 03:58:37 +0000  copying file ./vi.lproj/Localizable.stringsdict ... 
2023-01-08 03:58:37 +0000  700 bytes for ./vi.lproj/Localizable.stringsdict
2023-01-08 03:58:37 +0000  copying file ./vi.lproj/Categories.strings ... 
2023-01-08 03:58:37 +0000  547 bytes for ./vi.lproj/Categories.strings
2023-01-08 03:58:37 +0000  copying file ./Sileo ... 
2023-01-08 03:58:37 +0000  10225776 bytes for ./Sileo
copying file ./Nightly@3x.png ... 
2023-01-08 03:58:37 +0000  9882 bytes for ./Nightly@3x.png
copying file ./SugarFree@2x.png ... 
5938 bytes for ./SugarFree@2x.png
copying file ./BlueLemonade~ipad@3x.png ... 
8326 bytes for ./BlueLemonade~ipad@3x.png
copying file ./ru.lproj/Localizable.strings ... 
13704 bytes for ./ru.lproj/Localizable.strings
copying file ./ru.lproj/Errors.strings ... 
4476 bytes for ./ru.lproj/Errors.strings
copying file ./ru.lproj/Localizable.stringsdict ... 
907 bytes for ./ru.lproj/Localizable.stringsdict
copying file ./ru.lproj/Categories.strings ... 
477 bytes for ./ru.lproj/Categories.strings
copying file ./Odyssey@3x.png ... 
6779 bytes for ./Odyssey@3x.png
copying file ./Hazel@2x.png ... 
5026 bytes for ./Hazel@2x.png
2023-01-08 03:58:37 +0000  copying file ./Down_Down.bundle/DownView.bundle/index.html ... 
2023-01-08 03:58:37 +0000  431 bytes for ./Down_Down.bundle/DownView.bundle/index.html
2023-01-08 03:58:37 +0000  copying file ./Down_Down.bundle/DownView.bundle/css/down.min.css ... 
2023-01-08 03:58:37 +0000  6484 bytes for ./Down_Down.bundle/DownView.bundle/css/down.min.css
copying file ./Down_Down.bundle/DownView.bundle/js/down.js ... 
30 bytes for ./Down_Down.bundle/DownView.bundle/js/down.js
copying file ./Down_Down.bundle/DownView.bundle/js/highlight.min.js ... 
52630 bytes for ./Down_Down.bundle/DownView.bundle/js/highlight.min.js
copying file ./Down_Down.bundle/DownView (macOS).bundle/index.html ... 
2023-01-08 03:58:37 +0000  701 bytes for ./Down_Down.bundle/DownView (macOS).bundle/index.html
2023-01-08 03:58:37 +0000  copying file ./Down_Down.bundle/DownView (macOS).bundle/css/down.min.css ... 
2023-01-08 03:58:37 +0000  13250 bytes for ./Down_Down.bundle/DownView (macOS).bundle/css/down.min.css
copying file ./Down_Down.bundle/DownView (macOS).bundle/js/down.js ... 
31 bytes for ./Down_Down.bundle/DownView (macOS).bundle/js/down.js
copying file ./Down_Down.bundle/DownView (macOS).bundle/js/highlight.min.js ... 
2023-01-08 03:58:37 +0000  52630 bytes for ./Down_Down.bundle/DownView (macOS).bundle/js/highlight.min.js
2023-01-08 03:58:38 +0000  copying file ./Down_Down.bundle/Info.plist ... 
2023-01-08 03:58:38 +0000  612 bytes for ./Down_Down.bundle/Info.plist
2023-01-08 03:58:38 +0000  copying file ./DarkMagic@2x.png ... 
2023-01-08 03:58:38 +0000  9219 bytes for ./DarkMagic@2x.png
2023-01-08 03:58:38 +0000  copying file ./af.lproj/Localizable.strings ... 
2023-01-08 03:58:38 +0000  9026 bytes for ./af.lproj/Localizable.strings
2023-01-08 03:58:38 +0000  copying file ./af.lproj/Errors.strings ... 
2023-01-08 03:58:38 +0000  3059 bytes for ./af.lproj/Errors.strings
2023-01-08 03:58:38 +0000  copying file ./af.lproj/Localizable.stringsdict ... 
2023-01-08 03:58:38 +0000  630 bytes for ./af.lproj/Localizable.stringsdict
copying file ./af.lproj/Categories.strings ... 
2023-01-08 03:58:38 +0000  360 bytes for ./af.lproj/Categories.strings
2023-01-08 03:58:38 +0000  copying file ./FlowerSileo@3x.png ... 
2023-01-08 03:58:38 +0000  8071 bytes for ./FlowerSileo@3x.png
2023-01-08 03:58:38 +0000  copying file ./NewsPlaceholderCollectionViewCell.nib/runtime.nib ... 
2023-01-08 03:58:38 +0000  4323 bytes for ./NewsPlaceholderCollectionViewCell.nib/runtime.nib
2023-01-08 03:58:38 +0000  copying file ./NewsPlaceholderCollectionViewCell.nib/objects-12.3+.nib ... 
2023-01-08 03:58:38 +0000  4531 bytes for ./NewsPlaceholderCollectionViewCell.nib/objects-12.3+.nib
2023-01-08 03:58:38 +0000  copying file ./NewsDateHeader.nib ... 
2023-01-08 03:58:38 +0000  4360 bytes for ./NewsDateHeader.nib
2023-01-08 03:58:38 +0000  copying file ./BlueLemonade@2x.png ... 
2023-01-08 03:58:38 +0000  6096 bytes for ./BlueLemonade@2x.png
2023-01-08 03:58:38 +0000  copying file ./Electra@3x.png ... 
2023-01-08 03:58:38 +0000  5838 bytes for ./Electra@3x.png
copying file ./Stardust@2x.png ... 
2023-01-08 03:58:38 +0000  7647 bytes for ./Stardust@2x.png
copying file ./OceanicBlue@3x.png ... 
2023-01-08 03:58:38 +0000  6696 bytes for ./OceanicBlue@3x.png
2023-01-08 03:58:38 +0000  copying file ./fr.lproj/Localizable.strings ... 
2023-01-08 03:58:38 +0000  12423 bytes for ./fr.lproj/Localizable.strings
copying file ./fr.lproj/Errors.strings ... 
2023-01-08 03:58:38 +0000  4770 bytes for ./fr.lproj/Errors.strings
copying file ./fr.lproj/Localizable.stringsdict ... 
2023-01-08 03:58:38 +0000  730 bytes for ./fr.lproj/Localizable.stringsdict
copying file ./fr.lproj/Categories.strings ... 
2023-01-08 03:58:38 +0000  438 bytes for ./fr.lproj/Categories.strings
2023-01-08 03:58:38 +0000  copying file ./fi.lproj/Localizable.strings ... 
2023-01-08 03:58:38 +0000  8920 bytes for ./fi.lproj/Localizable.strings
copying file ./fi.lproj/Errors.strings ... 
2023-01-08 03:58:38 +0000  2945 bytes for ./fi.lproj/Errors.strings
copying file ./fi.lproj/Localizable.stringsdict ... 
2023-01-08 03:58:38 +0000  630 bytes for ./fi.lproj/Localizable.stringsdict
copying file ./fi.lproj/Categories.strings ... 
2023-01-08 03:58:38 +0000  255 bytes for ./fi.lproj/Categories.strings
2023-01-08 03:58:38 +0000  copying file ./Chimera@2x.png ... 
2023-01-08 03:58:38 +0000  7886 bytes for ./Chimera@2x.png
copying file ./Pride@2x.png ... 
2023-01-08 03:58:38 +0000  11813 bytes for ./Pride@2x.png
2023-01-08 03:58:38 +0000  copying file ./nl.lproj/Localizable.strings ... 
2023-01-08 03:58:38 +0000  10009 bytes for ./nl.lproj/Localizable.strings
copying file ./nl.lproj/Errors.strings ... 
2023-01-08 03:58:38 +0000  3156 bytes for ./nl.lproj/Errors.strings
copying file ./nl.lproj/Localizable.stringsdict ... 
2023-01-08 03:58:38 +0000  649 bytes for ./nl.lproj/Localizable.stringsdict
2023-01-08 03:58:38 +0000  copying file ./nl.lproj/Categories.strings ... 
2023-01-08 03:58:38 +0000  367 bytes for ./nl.lproj/Categories.strings
2023-01-08 03:58:38 +0000  copying file ./th.lproj/Localizable.strings ... 
2023-01-08 03:58:38 +0000  10972 bytes for ./th.lproj/Localizable.strings
2023-01-08 03:58:38 +0000  copying file ./th.lproj/Errors.strings ... 
2023-01-08 03:58:38 +0000  4160 bytes for ./th.lproj/Errors.strings
2023-01-08 03:58:38 +0000  copying file ./th.lproj/Localizable.stringsdict ... 
2023-01-08 03:58:38 +0000  662 bytes for ./th.lproj/Localizable.stringsdict
2023-01-08 03:58:38 +0000  copying file ./th.lproj/Categories.strings ... 
2023-01-08 03:58:38 +0000  461 bytes for ./th.lproj/Categories.strings
2023-01-08 03:58:38 +0000  copying file ./Sus~ipad@3x.png ... 
2023-01-08 03:58:38 +0000  4853 bytes for ./Sus~ipad@3x.png
2023-01-08 03:58:38 +0000  copying file ./Pride~ipad@2x.png ... 
2023-01-08 03:58:38 +0000  16748 bytes for ./Pride~ipad@2x.png
2023-01-08 03:58:38 +0000  copying file ./pt.lproj/Localizable.strings ... 
2023-01-08 03:58:38 +0000  11289 bytes for ./pt.lproj/Localizable.strings
2023-01-08 03:58:38 +0000  copying file ./pt.lproj/Errors.strings ... 
2023-01-08 03:58:38 +0000  4383 bytes for ./pt.lproj/Errors.strings
2023-01-08 03:58:38 +0000  copying file ./pt.lproj/Localizable.stringsdict ... 
2023-01-08 03:58:38 +0000  734 bytes for ./pt.lproj/Localizable.stringsdict
2023-01-08 03:58:38 +0000  copying file ./pt.lproj/Categories.strings ... 
2023-01-08 03:58:38 +0000  371 bytes for ./pt.lproj/Categories.strings
2023-01-08 03:58:38 +0000  copying file ./Odyssey~ipad@3x.png ... 
2023-01-08 03:58:38 +0000  6290 bytes for ./Odyssey~ipad@3x.png
2023-01-08 03:58:38 +0000  copying file ./OceanicBlue~ipad@3x.png ... 
2023-01-08 03:58:38 +0000  6281 bytes for ./OceanicBlue~ipad@3x.png
copying file ./DepictionSubpageViewController.nib ... 
2023-01-08 03:58:38 +0000  2465 bytes for ./DepictionSubpageViewController.nib
2023-01-08 03:58:38 +0000  copying file ./StrawberrySunset~ipad@2x.png ... 
2023-01-08 03:58:38 +0000  4820 bytes for ./StrawberrySunset~ipad@2x.png
2023-01-08 03:58:38 +0000  copying file ./Cheyote@3x.png ... 
2023-01-08 03:58:38 +0000  16631 bytes for ./Cheyote@3x.png
copying file ./Chimera~ipad@2x.png ... 
2023-01-08 03:58:38 +0000  10150 bytes for ./Chimera~ipad@2x.png
2023-01-08 03:58:38 +0000  copying file ./embedded.mobileprovision ... 
2023-01-08 03:58:38 +0000  16415 bytes for ./embedded.mobileprovision
copying file ./Chimera~ipad@3x.png ... 
2023-01-08 03:58:38 +0000  11476 bytes for ./Chimera~ipad@3x.png
2023-01-08 03:58:38 +0000  copying file ./Cheyote@2x.png ... 
2023-01-08 03:58:38 +0000  11197 bytes for ./Cheyote@2x.png
2023-01-08 03:58:38 +0000  copying file ./StrawberrySunset~ipad@3x.png ... 
2023-01-08 03:58:38 +0000  5493 bytes for ./StrawberrySunset~ipad@3x.png
2023-01-08 03:58:38 +0000  copying file ./PackageListViewController.nib ... 
2023-01-08 03:58:38 +0000  2172 bytes for ./PackageListViewController.nib
2023-01-08 03:58:38 +0000  copying file ./NewsArticleCollectionViewCell.nib/runtime.nib ... 
2023-01-08 03:58:38 +0000  8256 bytes for ./NewsArticleCollectionViewCell.nib/runtime.nib
2023-01-08 03:58:38 +0000  copying file ./NewsArticleCollectionViewCell.nib/objects-12.3+.nib ... 
2023-01-08 03:58:38 +0000  8464 bytes for ./NewsArticleCollectionViewCell.nib/objects-12.3+.nib
2023-01-08 03:58:38 +0000  copying file ./ro.lproj/Localizable.strings ... 
2023-01-08 03:58:38 +0000  13434 bytes for ./ro.lproj/Localizable.strings
2023-01-08 03:58:38 +0000  copying file ./ro.lproj/Errors.strings ... 
2023-01-08 03:58:38 +0000  4482 bytes for ./ro.lproj/Errors.strings
2023-01-08 03:58:38 +0000  copying file ./ro.lproj/Localizable.stringsdict ... 
2023-01-08 03:58:38 +0000  745 bytes for ./ro.lproj/Localizable.stringsdict
2023-01-08 03:58:38 +0000  copying file ./ro.lproj/Categories.strings ... 
2023-01-08 03:58:38 +0000  389 bytes for ./ro.lproj/Categories.strings
2023-01-08 03:58:38 +0000  copying file ./OceanicBlue~ipad@2x.png ... 
2023-01-08 03:58:38 +0000  5636 bytes for ./OceanicBlue~ipad@2x.png
2023-01-08 03:58:38 +0000  copying file ./Odyssey~ipad@2x.png ... 
2023-01-08 03:58:38 +0000  5782 bytes for ./Odyssey~ipad@2x.png
2023-01-08 03:58:38 +0000  copying file ./Pride~ipad@3x.png ... 
2023-01-08 03:58:38 +0000  18989 bytes for ./Pride~ipad@3x.png
2023-01-08 03:58:38 +0000  copying file ./Info.plist ... 
2023-01-08 03:58:38 +0000  5630 bytes for ./Info.plist
2023-01-08 03:58:38 +0000  copying file ./Sus~ipad@2x.png ... 
2023-01-08 03:58:38 +0000  4410 bytes for ./Sus~ipad@2x.png
2023-01-08 03:58:38 +0000  copying file ./Pride@3x.png ... 
2023-01-08 03:58:38 +0000  21265 bytes for ./Pride@3x.png
2023-01-08 03:58:38 +0000  copying file ./Chimera@3x.png ... 
2023-01-08 03:58:38 +0000  12416 bytes for ./Chimera@3x.png
2023-01-08 03:58:38 +0000  copying file ./OceanicBlue@2x.png ... 
2023-01-08 03:58:38 +0000  4483 bytes for ./OceanicBlue@2x.png
2023-01-08 03:58:38 +0000  copying file ./PkgInfo ... 
2023-01-08 03:58:38 +0000  8 bytes for ./PkgInfo
2023-01-08 03:58:38 +0000  copying file ./ca.lproj/Localizable.strings ... 
2023-01-08 03:58:38 +0000  8920 bytes for ./ca.lproj/Localizable.strings
2023-01-08 03:58:38 +0000  copying file ./ca.lproj/Errors.strings ... 
2023-01-08 03:58:38 +0000  2945 bytes for ./ca.lproj/Errors.strings
2023-01-08 03:58:38 +0000  copying file ./ca.lproj/Localizable.stringsdict ... 
2023-01-08 03:58:38 +0000  630 bytes for ./ca.lproj/Localizable.stringsdict
2023-01-08 03:58:38 +0000  copying file ./ca.lproj/Categories.strings ... 
2023-01-08 03:58:38 +0000  255 bytes for ./ca.lproj/Categories.strings
2023-01-08 03:58:38 +0000  copying file ./Stardust@3x.png ... 
2023-01-08 03:58:38 +0000  11172 bytes for ./Stardust@3x.png
2023-01-08 03:58:38 +0000  copying file ./Electra@2x.png ... 
2023-01-08 03:58:38 +0000  3966 bytes for ./Electra@2x.png
2023-01-08 03:58:38 +0000  copying file ./BlueLemonade@3x.png ... 
2023-01-08 03:58:38 +0000  8917 bytes for ./BlueLemonade@3x.png
2023-01-08 03:58:38 +0000  /usr/bin/ditto exited with 0
2023-01-08 03:58:38 +0000  Processing step: IDEDistributionEmbedProfileStep
2023-01-08 03:58:38 +0000  Processing step: IDEDistributionInfoPlistStep
2023-01-08 03:58:38 +0000  Skipping step: IDEDistributionInfoPlistStep because it said so
2023-01-08 03:58:38 +0000  Processing step: IDEDistributionAppThinningPlistStep
2023-01-08 03:58:38 +0000  Skipping step: IDEDistributionAppThinningPlistStep because it said so
2023-01-08 03:58:38 +0000  Processing step: IDEDistributionCompileBitcodeStep
2023-01-08 03:58:38 +0000  Skipping step: IDEDistributionCompileBitcodeStep because it said so
2023-01-08 03:58:38 +0000  Processing step: IDEDistributionCodeSlimmingStep
2023-01-08 03:58:38 +0000  Processing step: IDEDistributionCopyBCSymbolMapsStep
2023-01-08 03:58:38 +0000  Skipping step: IDEDistributionCopyBCSymbolMapsStep because it said so
2023-01-08 03:58:38 +0000  Processing step: IDEDistributionSymbolsStep
2023-01-08 03:58:38 +0000  Skipping step: IDEDistributionSymbolsStep because it said so
2023-01-08 03:58:38 +0000  Processing step: IDEDistributionAppThinningStep
2023-01-08 03:58:38 +0000  Skipping step: IDEDistributionAppThinningStep because it said so
2023-01-08 03:58:38 +0000  Processing step: IDEDistributionArchThinningStep
2023-01-08 03:58:38 +0000  Running /Applications/Xcode.app/Contents/Developer/Toolchains/XcodeDefault.xctoolchain/usr/bin/lipo '/var/folders/hr/0334klxx5jgcmrbyv4bywpnc0000gn/T/XcodeDistPipeline.~~~dhepU0/Root/Payload/Sileo.app/Sileo' '-verify_arch' 'arm64e'
2023-01-08 03:58:38 +0000  /Applications/Xcode.app/Contents/Developer/Toolchains/XcodeDefault.xctoolchain/usr/bin/lipo exited with 1
2023-01-08 03:58:38 +0000  Skipping architecture thinning for item "Sileo" because arch "arm64e" wasn't found
2023-01-08 03:58:38 +0000  Processing step: IDEDistributionODRStep
2023-01-08 03:58:38 +0000  Processing step: IDEDistributionStripXattrsStep
2023-01-08 03:58:38 +0000  Running /usr/bin/xattr '-crs' '/var/folders/hr/0334klxx5jgcmrbyv4bywpnc0000gn/T/XcodeDistPipeline.~~~dhepU0/Root/Payload/Sileo.app'
2023-01-08 03:58:38 +0000  /usr/bin/xattr exited with 0
2023-01-08 03:58:38 +0000  Processing step: IDEDistributionCodesignStep
2023-01-08 03:58:38 +0000  Entitlements for <IDEDistributionItem: 0x7f9687ab2560; bundleID='org.coolstar.SileoStore', path='<DVTFilePath:0x7f96bdc09090:'/Users/june/Library/Developer/Xcode/Archives/2023-01-08/Sileo 2023-01-08 12.57 PM.xcarchive/Products/Applications/Sileo.app'>', codeSigningInfo='<_DVTCodeSigningInformation_Path: 0x7f969428ec80; isSigned='1', isAdHocSigned='0', signingCertificate='<DVTSigningCertificate: 0x7f96954e62d0; name='Apple Development: Eunsae Rha (XR3P4JLX5Y)', hash='8EE3DE8D9F3F2FF3F39862301141CD86E8C38AB4', serialNumber='222F868431B3EEA546DDD1E98D605A81', certificateKinds='(
    "1.2.840.113635.100.6.1.12",
    "1.2.840.113635.100.6.1.2"
), issueDate='2023-01-02 13:38:55 +0000''>', entitlements='{
    "application-identifier" = "M73S859JB7.org.coolstar.SileoStore";
    "com.apple.developer.team-identifier" = M73S859JB7;
    "get-task-allow" = 1;
}', teamID='M73S859JB7', identifier='org.coolstar.SileoStore', executablePath='<DVTFilePath:0x7f9693cd4c50:'/Users/june/Library/Developer/Xcode/Archives/2023-01-08/Sileo 2023-01-08 12.57 PM.xcarchive/Products/Applications/Sileo.app/Sileo'>', hardenedRuntime='0'>'>: {
    "application-identifier" = "M73S859JB7.org.coolstar.SileoStore";
    "com.apple.developer.team-identifier" = M73S859JB7;
    "get-task-allow" = 1;
}
2023-01-08 03:58:38 +0000  Entitlements for <IDEDistributionItem: 0x7f9687ab2560; bundleID='org.coolstar.SileoStore', path='<DVTFilePath:0x7f96bdc09090:'/Users/june/Library/Developer/Xcode/Archives/2023-01-08/Sileo 2023-01-08 12.57 PM.xcarchive/Products/Applications/Sileo.app'>', codeSigningInfo='<_DVTCodeSigningInformation_Path: 0x7f969428ec80; isSigned='1', isAdHocSigned='0', signingCertificate='<DVTSigningCertificate: 0x7f96a6562cc0; name='Apple Development: Eunsae Rha (XR3P4JLX5Y)', hash='8EE3DE8D9F3F2FF3F39862301141CD86E8C38AB4', serialNumber='222F868431B3EEA546DDD1E98D605A81', certificateKinds='(
    "1.2.840.113635.100.6.1.12",
    "1.2.840.113635.100.6.1.2"
), issueDate='2023-01-02 13:38:55 +0000''>', entitlements='{
    "application-identifier" = "M73S859JB7.org.coolstar.SileoStore";
    "com.apple.developer.team-identifier" = M73S859JB7;
    "get-task-allow" = 1;
}', teamID='M73S859JB7', identifier='org.coolstar.SileoStore', executablePath='<DVTFilePath:0x7f9693cd4c50:'/Users/june/Library/Developer/Xcode/Archives/2023-01-08/Sileo 2023-01-08 12.57 PM.xcarchive/Products/Applications/Sileo.app/Sileo'>', hardenedRuntime='0'>'> are: {
    "application-identifier" = "M73S859JB7.org.coolstar.SileoStore";
    "com.apple.developer.team-identifier" = M73S859JB7;
    "get-task-allow" = 1;
}
2023-01-08 03:58:38 +0000  Writing entitlements for <IDEDistributionItem: 0x7f9687ab2560; bundleID='org.coolstar.SileoStore', path='<DVTFilePath:0x7f96bdc09090:'/Users/june/Library/Developer/Xcode/Archives/2023-01-08/Sileo 2023-01-08 12.57 PM.xcarchive/Products/Applications/Sileo.app'>', codeSigningInfo='<_DVTCodeSigningInformation_Path: 0x7f969428ec80; isSigned='1', isAdHocSigned='0', signingCertificate='<DVTSigningCertificate: 0x7f96bc3f1fb0; name='Apple Development: Eunsae Rha (XR3P4JLX5Y)', hash='8EE3DE8D9F3F2FF3F39862301141CD86E8C38AB4', serialNumber='222F868431B3EEA546DDD1E98D605A81', certificateKinds='(
    "1.2.840.113635.100.6.1.12",
    "1.2.840.113635.100.6.1.2"
), issueDate='2023-01-02 13:38:55 +0000''>', entitlements='{
    "application-identifier" = "M73S859JB7.org.coolstar.SileoStore";
    "com.apple.developer.team-identifier" = M73S859JB7;
    "get-task-allow" = 1;
}', teamID='M73S859JB7', identifier='org.coolstar.SileoStore', executablePath='<DVTFilePath:0x7f9693cd4c50:'/Users/june/Library/Developer/Xcode/Archives/2023-01-08/Sileo 2023-01-08 12.57 PM.xcarchive/Products/Applications/Sileo.app/Sileo'>', hardenedRuntime='0'>'> to: /var/folders/hr/0334klxx5jgcmrbyv4bywpnc0000gn/T/XcodeDistPipeline.~~~dhepU0/entitlements~~~7qisEk
2023-01-08 03:58:38 +0000  Running /usr/bin/codesign '-vvv' '--force' '--sign' '8EE3DE8D9F3F2FF3F39862301141CD86E8C38AB4' '--entitlements' '/var/folders/hr/0334klxx5jgcmrbyv4bywpnc0000gn/T/XcodeDistPipeline.~~~dhepU0/entitlements~~~7qisEk' '--generate-entitlement-der' '--preserve-metadata=identifier,flags,runtime' '/var/folders/hr/0334klxx5jgcmrbyv4bywpnc0000gn/T/XcodeDistPipeline.~~~dhepU0/Root/Payload/Sileo.app'
2023-01-08 03:58:38 +0000  /var/folders/hr/0334klxx5jgcmrbyv4bywpnc0000gn/T/XcodeDistPipeline.~~~dhepU0/Root/Payload/Sileo.app: replacing existing signature
2023-01-08 03:58:38 +0000  /var/folders/hr/0334klxx5jgcmrbyv4bywpnc0000gn/T/XcodeDistPipeline.~~~dhepU0/Root/Payload/Sileo.app: signed app bundle with Mach-O thin (arm64) [org.coolstar.SileoStore]
2023-01-08 03:58:38 +0000  /usr/bin/codesign exited with 0
2023-01-08 03:58:38 +0000  Processing step: IDEDistributionZipODRItemStep
2023-01-08 03:58:38 +0000  Skipping step: IDEDistributionZipODRItemStep because it said so
2023-01-08 03:58:38 +0000  Processing step: IDEDistributionCreateIPAStep
2023-01-08 03:58:38 +0000  Running /usr/bin/ditto '-V' '-c' '-k' '--norsrc' '/var/folders/hr/0334klxx5jgcmrbyv4bywpnc0000gn/T/XcodeDistPipeline.~~~dhepU0/Root' '/var/folders/hr/0334klxx5jgcmrbyv4bywpnc0000gn/T/XcodeDistPipeline.~~~dhepU0/Packages/Sileo.ipa'
2023-01-08 03:58:38 +0000  >>> Copying /var/folders/hr/0334klxx5jgcmrbyv4bywpnc0000gn/T/XcodeDistPipeline.~~~dhepU0/Root 
2023-01-08 03:58:38 +0000  copying file ./Payload/Sileo.app/de.lproj/Localizable.strings ... 
2023-01-08 03:58:38 +0000  12401 bytes for ./Payload/Sileo.app/de.lproj/Localizable.strings
copying file ./Payload/Sileo.app/de.lproj/Errors.strings ... 
2023-01-08 03:58:38 +0000  4396 bytes for ./Payload/Sileo.app/de.lproj/Errors.strings
copying file ./Payload/Sileo.app/de.lproj/Localizable.stringsdict ... 
2023-01-08 03:58:38 +0000  806 bytes for ./Payload/Sileo.app/de.lproj/Localizable.stringsdict
copying file ./Payload/Sileo.app/de.lproj/Categories.strings ... 
2023-01-08 03:58:38 +0000  391 bytes for ./Payload/Sileo.app/de.lproj/Categories.strings
copying file ./Payload/Sileo.app/MangoCrazy@3x.png ... 
2023-01-08 03:58:38 +0000  10414 bytes for ./Payload/Sileo.app/MangoCrazy@3x.png
2023-01-08 03:58:38 +0000  copying file ./Payload/Sileo.app/_CodeSignature/CodeResources ... 
2023-01-08 03:58:38 +0000  79827 bytes for ./Payload/Sileo.app/_CodeSignature/CodeResources
2023-01-08 03:58:38 +0000  copying file ./Payload/Sileo.app/DarkMagic~ipad@3x.png ... 
2023-01-08 03:58:38 +0000  13107 bytes for ./Payload/Sileo.app/DarkMagic~ipad@3x.png
2023-01-08 03:58:38 +0000  copying file ./Payload/Sileo.app/he.lproj/Localizable.strings ... 
2023-01-08 03:58:38 +0000  11555 bytes for ./Payload/Sileo.app/he.lproj/Localizable.strings
2023-01-08 03:58:38 +0000  copying file ./Payload/Sileo.app/he.lproj/Errors.strings ... 
2023-01-08 03:58:38 +0000  4088 bytes for ./Payload/Sileo.app/he.lproj/Errors.strings
2023-01-08 03:58:38 +0000  copying file ./Payload/Sileo.app/he.lproj/Localizable.stringsdict ... 
772 bytes for ./Payload/Sileo.app/he.lproj/Localizable.stringsdict
2023-01-08 03:58:38 +0000  copying file ./Payload/Sileo.app/he.lproj/Categories.strings ... 
433 bytes for ./Payload/Sileo.app/he.lproj/Categories.strings
2023-01-08 03:58:38 +0000  copying file ./Payload/Sileo.app/ar.lproj/Localizable.strings ... 
2023-01-08 03:58:38 +0000  12476 bytes for ./Payload/Sileo.app/ar.lproj/Localizable.strings
2023-01-08 03:58:38 +0000  copying file ./Payload/Sileo.app/ar.lproj/Errors.strings ... 
2023-01-08 03:58:38 +0000  3981 bytes for ./Payload/Sileo.app/ar.lproj/Errors.strings
copying file ./Payload/Sileo.app/ar.lproj/Localizable.stringsdict ... 
2023-01-08 03:58:38 +0000  844 bytes for ./Payload/Sileo.app/ar.lproj/Localizable.stringsdict
copying file ./Payload/Sileo.app/ar.lproj/Categories.strings ... 
2023-01-08 03:58:38 +0000  455 bytes for ./Payload/Sileo.app/ar.lproj/Categories.strings
copying file ./Payload/Sileo.app/CottonCandy@3x.png ... 
2023-01-08 03:58:38 +0000  13818 bytes for ./Payload/Sileo.app/CottonCandy@3x.png
2023-01-08 03:58:38 +0000  copying file ./Payload/Sileo.app/el.lproj/Localizable.strings ... 
2023-01-08 03:58:38 +0000  8920 bytes for ./Payload/Sileo.app/el.lproj/Localizable.strings
2023-01-08 03:58:38 +0000  copying file ./Payload/Sileo.app/el.lproj/Errors.strings ... 
2023-01-08 03:58:38 +0000  2945 bytes for ./Payload/Sileo.app/el.lproj/Errors.strings
copying file ./Payload/Sileo.app/el.lproj/Localizable.stringsdict ... 
2023-01-08 03:58:38 +0000  630 bytes for ./Payload/Sileo.app/el.lproj/Localizable.stringsdict
copying file ./Payload/Sileo.app/el.lproj/Categories.strings ... 
255 bytes for ./Payload/Sileo.app/el.lproj/Categories.strings
2023-01-08 03:58:38 +0000  copying file ./Payload/Sileo.app/zh-Hans.lproj/Localizable.strings ... 
2023-01-08 03:58:38 +0000  7679 bytes for ./Payload/Sileo.app/zh-Hans.lproj/Localizable.strings
copying file ./Payload/Sileo.app/zh-Hans.lproj/Errors.strings ... 
2023-01-08 03:58:38 +0000  2344 bytes for ./Payload/Sileo.app/zh-Hans.lproj/Errors.strings
copying file ./Payload/Sileo.app/zh-Hans.lproj/Localizable.stringsdict ... 
2023-01-08 03:58:38 +0000  568 bytes for ./Payload/Sileo.app/zh-Hans.lproj/Localizable.stringsdict
copying file ./Payload/Sileo.app/zh-Hans.lproj/Categories.strings ... 
2023-01-08 03:58:38 +0000  282 bytes for ./Payload/Sileo.app/zh-Hans.lproj/Categories.strings
copying file ./Payload/Sileo.app/ja.lproj/Localizable.strings ... 
2023-01-08 03:58:38 +0000  9187 bytes for ./Payload/Sileo.app/ja.lproj/Localizable.strings
2023-01-08 03:58:38 +0000  copying file ./Payload/Sileo.app/ja.lproj/Errors.strings ... 
2023-01-08 03:58:38 +0000  3048 bytes for ./Payload/Sileo.app/ja.lproj/Errors.strings
copying file ./Payload/Sileo.app/ja.lproj/Localizable.stringsdict ... 
2023-01-08 03:58:38 +0000  627 bytes for ./Payload/Sileo.app/ja.lproj/Localizable.stringsdict
copying file ./Payload/Sileo.app/ja.lproj/Categories.strings ... 
344 bytes for ./Payload/Sileo.app/ja.lproj/Categories.strings
2023-01-08 03:58:38 +0000  copying file ./Payload/Sileo.app/NewsViewController.nib ... 
2023-01-08 03:58:38 +0000  2906 bytes for ./Payload/Sileo.app/NewsViewController.nib
copying file ./Payload/Sileo.app/CoolBreeze~ipad@3x.png ... 
2023-01-08 03:58:38 +0000  9138 bytes for ./Payload/Sileo.app/CoolBreeze~ipad@3x.png
2023-01-08 03:58:38 +0000  copying file ./Payload/Sileo.app/Sus@3x.png ... 
2023-01-08 03:58:38 +0000  5350 bytes for ./Payload/Sileo.app/Sus@3x.png
copying file ./Payload/Sileo.app/DownloadsTableViewController.nib ... 
2023-01-08 03:58:38 +0000  11281 bytes for ./Payload/Sileo.app/DownloadsTableViewController.nib
2023-01-08 03:58:38 +0000  copying file ./Payload/Sileo.app/PackageViewController.nib ... 
2023-01-08 03:58:38 +0000  7350 bytes for ./Payload/Sileo.app/PackageViewController.nib
2023-01-08 03:58:38 +0000  copying file ./Payload/Sileo.app/FlowerSileo~ipad@2x.png ... 
2023-01-08 03:58:38 +0000  6705 bytes for ./Payload/Sileo.app/FlowerSileo~ipad@2x.png
copying file ./Payload/Sileo.app/Electra~ipad@2x.png ... 
2023-01-08 03:58:38 +0000  4919 bytes for ./Payload/Sileo.app/Electra~ipad@2x.png
2023-01-08 03:58:38 +0000  copying file ./Payload/Sileo.app/StrawberrySunset@2x.png ... 
2023-01-08 03:58:38 +0000  3889 bytes for ./Payload/Sileo.app/StrawberrySunset@2x.png
copying file ./Payload/Sileo.app/Hazel~ipad@2x.png ... 
2023-01-08 03:58:38 +0000  6174 bytes for ./Payload/Sileo.app/Hazel~ipad@2x.png
2023-01-08 03:58:38 +0000  copying file ./Payload/Sileo.app/SourcesErrorsViewController.nib ... 
2023-01-08 03:58:38 +0000  5681 bytes for ./Payload/Sileo.app/SourcesErrorsViewController.nib
2023-01-08 03:58:38 +0000  copying file ./Payload/Sileo.app/CoolBreeze@3x.png ... 
2023-01-08 03:58:38 +0000  9611 bytes for ./Payload/Sileo.app/CoolBreeze@3x.png
2023-01-08 03:58:38 +0000  copying file ./Payload/Sileo.app/Midnight~ipad@2x.png ... 
2023-01-08 03:58:38 +0000  1054 bytes for ./Payload/Sileo.app/Midnight~ipad@2x.png
copying file ./Payload/Sileo.app/SugarFree~ipad@3x.png ... 
2023-01-08 03:58:38 +0000  8047 bytes for ./Payload/Sileo.app/SugarFree~ipad@3x.png
2023-01-08 03:58:38 +0000  copying file ./Payload/Sileo.app/uk.lproj/Localizable.strings ... 
2023-01-08 03:58:38 +0000  9504 bytes for ./Payload/Sileo.app/uk.lproj/Localizable.strings
2023-01-08 03:58:38 +0000  copying file ./Payload/Sileo.app/uk.lproj/Errors.strings ... 
2023-01-08 03:58:38 +0000  3313 bytes for ./Payload/Sileo.app/uk.lproj/Errors.strings
copying file ./Payload/Sileo.app/uk.lproj/Localizable.stringsdict ... 
2023-01-08 03:58:38 +0000  774 bytes for ./Payload/Sileo.app/uk.lproj/Localizable.stringsdict
copying file ./Payload/Sileo.app/uk.lproj/Categories.strings ... 
2023-01-08 03:58:38 +0000  465 bytes for ./Payload/Sileo.app/uk.lproj/Categories.strings
copying file ./Payload/Sileo.app/CottonCandy~ipad@2x.png ... 
2023-01-08 03:58:38 +0000  10206 bytes for ./Payload/Sileo.app/CottonCandy~ipad@2x.png
2023-01-08 03:58:38 +0000  copying file ./Payload/Sileo.app/Midnight@2x.png ... 
2023-01-08 03:58:38 +0000  815 bytes for ./Payload/Sileo.app/Midnight@2x.png
copying file ./Payload/Sileo.app/PackageCollectionViewCell.nib/runtime.nib ... 
2023-01-08 03:58:38 +0000  6984 bytes for ./Payload/Sileo.app/PackageCollectionViewCell.nib/runtime.nib
2023-01-08 03:58:38 +0000  copying file ./Payload/Sileo.app/PackageCollectionViewCell.nib/objects-12.3+.nib ... 
2023-01-08 03:58:38 +0000  7192 bytes for ./Payload/Sileo.app/PackageCollectionViewCell.nib/objects-12.3+.nib
2023-01-08 03:58:38 +0000  copying file ./Payload/Sileo.app/Midnight@3x.png ... 
2023-01-08 03:58:38 +0000  1200 bytes for ./Payload/Sileo.app/Midnight@3x.png
copying file ./Payload/Sileo.app/CottonCandy~ipad@3x.png ... 
2023-01-08 03:58:38 +0000  11950 bytes for ./Payload/Sileo.app/CottonCandy~ipad@3x.png
2023-01-08 03:58:38 +0000  copying file ./Payload/Sileo.app/Midnight~ipad@3x.png ... 
2023-01-08 03:58:38 +0000  1099 bytes for ./Payload/Sileo.app/Midnight~ipad@3x.png
copying file ./Payload/Sileo.app/SugarFree~ipad@2x.png ... 
2023-01-08 03:58:38 +0000  7617 bytes for ./Payload/Sileo.app/SugarFree~ipad@2x.png
2023-01-08 03:58:38 +0000  copying file ./Payload/Sileo.app/CoolBreeze@2x.png ... 
2023-01-08 03:58:38 +0000  6639 bytes for ./Payload/Sileo.app/CoolBreeze@2x.png
2023-01-08 03:58:38 +0000  copying file ./Payload/Sileo.app/Hazel~ipad@3x.png ... 
2023-01-08 03:58:38 +0000  6811 bytes for ./Payload/Sileo.app/Hazel~ipad@3x.png
copying file ./Payload/Sileo.app/StrawberrySunset@3x.png ... 
2023-01-08 03:58:38 +0000  5946 bytes for ./Payload/Sileo.app/StrawberrySunset@3x.png
2023-01-08 03:58:38 +0000  copying file ./Payload/Sileo.app/Electra~ipad@3x.png ... 
2023-01-08 03:58:38 +0000  5412 bytes for ./Payload/Sileo.app/Electra~ipad@3x.png
copying file ./Payload/Sileo.app/FlowerSileo~ipad@3x.png ... 
2023-01-08 03:58:38 +0000  7312 bytes for ./Payload/Sileo.app/FlowerSileo~ipad@3x.png
2023-01-08 03:58:38 +0000  copying file ./Payload/Sileo.app/nb.lproj/Localizable.strings ... 
2023-01-08 03:58:38 +0000  11388 bytes for ./Payload/Sileo.app/nb.lproj/Localizable.strings
2023-01-08 03:58:38 +0000  copying file ./Payload/Sileo.app/nb.lproj/Errors.strings ... 
2023-01-08 03:58:38 +0000  3842 bytes for ./Payload/Sileo.app/nb.lproj/Errors.strings
copying file ./Payload/Sileo.app/nb.lproj/Localizable.stringsdict ... 
2023-01-08 03:58:38 +0000  695 bytes for ./Payload/Sileo.app/nb.lproj/Localizable.stringsdict
copying file ./Payload/Sileo.app/nb.lproj/Categories.strings ... 
2023-01-08 03:58:38 +0000  410 bytes for ./Payload/Sileo.app/nb.lproj/Categories.strings
copying file ./Payload/Sileo.app/FlaggedSourceWarningViewController.nib ... 
2023-01-08 03:58:38 +0000  8306 bytes for ./Payload/Sileo.app/FlaggedSourceWarningViewController.nib
2023-01-08 03:58:38 +0000  copying file ./Payload/Sileo.app/Sus@2x.png ... 
2023-01-08 03:58:38 +0000  3290 bytes for ./Payload/Sileo.app/Sus@2x.png
copying file ./Payload/Sileo.app/es.lproj/Localizable.strings ... 
2023-01-08 03:58:38 +0000  12343 bytes for ./Payload/Sileo.app/es.lproj/Localizable.strings
2023-01-08 03:58:38 +0000  copying file ./Payload/Sileo.app/es.lproj/Errors.strings ... 
2023-01-08 03:58:38 +0000  4124 bytes for ./Payload/Sileo.app/es.lproj/Errors.strings
2023-01-08 03:58:38 +0000  copying file ./Payload/Sileo.app/es.lproj/Localizable.stringsdict ... 
774 bytes for ./Payload/Sileo.app/es.lproj/Localizable.stringsdict
2023-01-08 03:58:38 +0000  copying file ./Payload/Sileo.app/es.lproj/Categories.strings ... 
402 bytes for ./Payload/Sileo.app/es.lproj/Categories.strings
copying file ./Payload/Sileo.app/CoolBreeze~ipad@2x.png ... 
2023-01-08 03:58:38 +0000  8402 bytes for ./Payload/Sileo.app/CoolBreeze~ipad@2x.png
2023-01-08 03:58:38 +0000  copying file ./Payload/Sileo.app/NewsArticlesViewController.nib ... 
2023-01-08 03:58:38 +0000  2602 bytes for ./Payload/Sileo.app/NewsArticlesViewController.nib
copying file ./Payload/Sileo.app/CottonCandy@2x.png ... 
2023-01-08 03:58:38 +0000  6893 bytes for ./Payload/Sileo.app/CottonCandy@2x.png
2023-01-08 03:58:38 +0000  copying file ./Payload/Sileo.app/da.lproj/Localizable.strings ... 
2023-01-08 03:58:38 +0000  6488 bytes for ./Payload/Sileo.app/da.lproj/Localizable.strings
2023-01-08 03:58:38 +0000  copying file ./Payload/Sileo.app/da.lproj/Errors.strings ... 
2023-01-08 03:58:38 +0000  2945 bytes for ./Payload/Sileo.app/da.lproj/Errors.strings
copying file ./Payload/Sileo.app/da.lproj/Localizable.stringsdict ... 
2023-01-08 03:58:38 +0000  630 bytes for ./Payload/Sileo.app/da.lproj/Localizable.stringsdict
copying file ./Payload/Sileo.app/da.lproj/Categories.strings ... 
2023-01-08 03:58:38 +0000  255 bytes for ./Payload/Sileo.app/da.lproj/Categories.strings
copying file ./Payload/Sileo.app/DarkMagic~ipad@2x.png ... 
2023-01-08 03:58:38 +0000  11410 bytes for ./Payload/Sileo.app/DarkMagic~ipad@2x.png
2023-01-08 03:58:38 +0000  copying file ./Payload/Sileo.app/en-PT.lproj/Localizable.strings ... 
2023-01-08 03:58:38 +0000  8920 bytes for ./Payload/Sileo.app/en-PT.lproj/Localizable.strings
2023-01-08 03:58:38 +0000  copying file ./Payload/Sileo.app/en-PT.lproj/Errors.strings ... 
2023-01-08 03:58:38 +0000  2945 bytes for ./Payload/Sileo.app/en-PT.lproj/Errors.strings
copying file ./Payload/Sileo.app/en-PT.lproj/Localizable.stringsdict ... 
2023-01-08 03:58:38 +0000  630 bytes for ./Payload/Sileo.app/en-PT.lproj/Localizable.stringsdict
copying file ./Payload/Sileo.app/en-PT.lproj/Categories.strings ... 
2023-01-08 03:58:38 +0000  255 bytes for ./Payload/Sileo.app/en-PT.lproj/Categories.strings
copying file ./Payload/Sileo.app/MangoCrazy@2x.png ... 
2023-01-08 03:58:38 +0000  7051 bytes for ./Payload/Sileo.app/MangoCrazy@2x.png
2023-01-08 03:58:38 +0000  copying file ./Payload/Sileo.app/Mixture~ipad@2x.png ... 
2023-01-08 03:58:38 +0000  1143 bytes for ./Payload/Sileo.app/Mixture~ipad@2x.png
copying file ./Payload/Sileo.app/OG@2x.png ... 
2023-01-08 03:58:38 +0000  6173 bytes for ./Payload/Sileo.app/OG@2x.png
2023-01-08 03:58:38 +0000  copying file ./Payload/Sileo.app/Stardust~ipad@3x.png ... 
2023-01-08 03:58:38 +0000  10719 bytes for ./Payload/Sileo.app/Stardust~ipad@3x.png
2023-01-08 03:58:38 +0000  copying file ./Payload/Sileo.app/it.lproj/Localizable.strings ... 
2023-01-08 03:58:38 +0000  11818 bytes for ./Payload/Sileo.app/it.lproj/Localizable.strings
2023-01-08 03:58:38 +0000  copying file ./Payload/Sileo.app/it.lproj/Errors.strings ... 
2023-01-08 03:58:38 +0000  4705 bytes for ./Payload/Sileo.app/it.lproj/Errors.strings
2023-01-08 03:58:38 +0000  copying file ./Payload/Sileo.app/it.lproj/Localizable.stringsdict ... 
662 bytes for ./Payload/Sileo.app/it.lproj/Localizable.stringsdict
2023-01-08 03:58:38 +0000  copying file ./Payload/Sileo.app/it.lproj/Categories.strings ... 
384 bytes for ./Payload/Sileo.app/it.lproj/Categories.strings
2023-01-08 03:58:38 +0000  copying file ./Payload/Sileo.app/Cheyote~ipad@2x.png ... 
2023-01-08 03:58:38 +0000  14539 bytes for ./Payload/Sileo.app/Cheyote~ipad@2x.png
2023-01-08 03:58:38 +0000  copying file ./Payload/Sileo.app/AppIcon60x60@2x.png ... 
2023-01-08 03:58:38 +0000  3072 bytes for ./Payload/Sileo.app/AppIcon60x60@2x.png
copying file ./Payload/Sileo.app/Procursus@3x.png ... 
2023-01-08 03:58:38 +0000  5115 bytes for ./Payload/Sileo.app/Procursus@3x.png
2023-01-08 03:58:38 +0000  copying file ./Payload/Sileo.app/Taurine@3x.png ... 
2023-01-08 03:58:38 +0000  10549 bytes for ./Payload/Sileo.app/Taurine@3x.png
2023-01-08 03:58:38 +0000  copying file ./Payload/Sileo.app/Mixture@2x.png ... 
2023-01-08 03:58:38 +0000  868 bytes for ./Payload/Sileo.app/Mixture@2x.png
copying file ./Payload/Sileo.app/sr.lproj/Localizable.strings ... 
2023-01-08 03:58:38 +0000  8920 bytes for ./Payload/Sileo.app/sr.lproj/Localizable.strings
2023-01-08 03:58:38 +0000  copying file ./Payload/Sileo.app/sr.lproj/Errors.strings ... 
2023-01-08 03:58:38 +0000  2945 bytes for ./Payload/Sileo.app/sr.lproj/Errors.strings
copying file ./Payload/Sileo.app/sr.lproj/Localizable.stringsdict ... 
2023-01-08 03:58:38 +0000  644 bytes for ./Payload/Sileo.app/sr.lproj/Localizable.stringsdict
copying file ./Payload/Sileo.app/sr.lproj/Categories.strings ... 
2023-01-08 03:58:38 +0000  255 bytes for ./Payload/Sileo.app/sr.lproj/Categories.strings
copying file ./Payload/Sileo.app/ms.lproj/Localizable.strings ... 
2023-01-08 03:58:38 +0000  9464 bytes for ./Payload/Sileo.app/ms.lproj/Localizable.strings
2023-01-08 03:58:38 +0000  copying file ./Payload/Sileo.app/ms.lproj/Errors.strings ... 
2023-01-08 03:58:38 +0000  2955 bytes for ./Payload/Sileo.app/ms.lproj/Errors.strings
copying file ./Payload/Sileo.app/ms.lproj/Localizable.stringsdict ... 
2023-01-08 03:58:38 +0000  588 bytes for ./Payload/Sileo.app/ms.lproj/Localizable.stringsdict
copying file ./Payload/Sileo.app/ms.lproj/Categories.strings ... 
2023-01-08 03:58:38 +0000  358 bytes for ./Payload/Sileo.app/ms.lproj/Categories.strings
copying file ./Payload/Sileo.app/Procursus~ipad@2x.png ... 
2023-01-08 03:58:38 +0000  4413 bytes for ./Payload/Sileo.app/Procursus~ipad@2x.png
2023-01-08 03:58:38 +0000  copying file ./Payload/Sileo.app/Procursus~ipad@3x.png ... 
2023-01-08 03:58:38 +0000  4761 bytes for ./Payload/Sileo.app/Procursus~ipad@3x.png
copying file ./Payload/Sileo.app/Licenses.plist ... 
2023-01-08 03:58:38 +0000  23228 bytes for ./Payload/Sileo.app/Licenses.plist
2023-01-08 03:58:38 +0000  copying file ./Payload/Sileo.app/sv.lproj/Localizable.strings ... 
2023-01-08 03:58:38 +0000  11808 bytes for ./Payload/Sileo.app/sv.lproj/Localizable.strings
2023-01-08 03:58:38 +0000  copying file ./Payload/Sileo.app/sv.lproj/Errors.strings ... 
2023-01-08 03:58:38 +0000  4023 bytes for ./Payload/Sileo.app/sv.lproj/Errors.strings
copying file ./Payload/Sileo.app/sv.lproj/Localizable.stringsdict ... 
2023-01-08 03:58:38 +0000  739 bytes for ./Payload/Sileo.app/sv.lproj/Localizable.stringsdict
copying file ./Payload/Sileo.app/sv.lproj/Categories.strings ... 
2023-01-08 03:58:38 +0000  362 bytes for ./Payload/Sileo.app/sv.lproj/Categories.strings
2023-01-08 03:58:38 +0000  copying file ./Payload/Sileo.app/Mixture@3x.png ... 
2023-01-08 03:58:38 +0000  1333 bytes for ./Payload/Sileo.app/Mixture@3x.png
copying file ./Payload/Sileo.app/cs.lproj/Localizable.strings ... 
2023-01-08 03:58:38 +0000  8920 bytes for ./Payload/Sileo.app/cs.lproj/Localizable.strings
2023-01-08 03:58:38 +0000  copying file ./Payload/Sileo.app/cs.lproj/Errors.strings ... 
2023-01-08 03:58:38 +0000  2945 bytes for ./Payload/Sileo.app/cs.lproj/Errors.strings
copying file ./Payload/Sileo.app/cs.lproj/Localizable.stringsdict ... 
2023-01-08 03:58:38 +0000  659 bytes for ./Payload/Sileo.app/cs.lproj/Localizable.stringsdict
copying file ./Payload/Sileo.app/cs.lproj/Categories.strings ... 
2023-01-08 03:58:38 +0000  255 bytes for ./Payload/Sileo.app/cs.lproj/Categories.strings
copying file ./Payload/Sileo.app/Taurine@2x.png ... 
2023-01-08 03:58:38 +0000  7124 bytes for ./Payload/Sileo.app/Taurine@2x.png
2023-01-08 03:58:38 +0000  copying file ./Payload/Sileo.app/ko.lproj/Localizable.strings ... 
2023-01-08 03:58:38 +0000  9010 bytes for ./Payload/Sileo.app/ko.lproj/Localizable.strings
2023-01-08 03:58:38 +0000  copying file ./Payload/Sileo.app/ko.lproj/Errors.strings ... 
2023-01-08 03:58:38 +0000  3008 bytes for ./Payload/Sileo.app/ko.lproj/Errors.strings
copying file ./Payload/Sileo.app/ko.lproj/Localizable.stringsdict ... 
2023-01-08 03:58:38 +0000  650 bytes for ./Payload/Sileo.app/ko.lproj/Localizable.stringsdict
copying file ./Payload/Sileo.app/ko.lproj/Categories.strings ... 
2023-01-08 03:58:38 +0000  308 bytes for ./Payload/Sileo.app/ko.lproj/Categories.strings
copying file ./Payload/Sileo.app/Procursus@2x.png ... 
2023-01-08 03:58:38 +0000  3609 bytes for ./Payload/Sileo.app/Procursus@2x.png
2023-01-08 03:58:38 +0000  copying file ./Payload/Sileo.app/Cheyote~ipad@3x.png ... 
2023-01-08 03:58:38 +0000  15922 bytes for ./Payload/Sileo.app/Cheyote~ipad@3x.png
2023-01-08 03:58:38 +0000  copying file ./Payload/Sileo.app/PackageListHeader.nib ... 
2023-01-08 03:58:38 +0000  6326 bytes for ./Payload/Sileo.app/PackageListHeader.nib
2023-01-08 03:58:38 +0000  copying file ./Payload/Sileo.app/Base.lproj/Localizable.strings ... 
2023-01-08 03:58:38 +0000  8920 bytes for ./Payload/Sileo.app/Base.lproj/Localizable.strings
2023-01-08 03:58:38 +0000  copying file ./Payload/Sileo.app/Base.lproj/Errors.strings ... 
2023-01-08 03:58:38 +0000  2945 bytes for ./Payload/Sileo.app/Base.lproj/Errors.strings
2023-01-08 03:58:38 +0000  copying file ./Payload/Sileo.app/Base.lproj/Main.storyboardc/UITabBarController-49e-Tb-3d3.nib/runtime.nib ... 
2023-01-08 03:58:38 +0000  5789 bytes for ./Payload/Sileo.app/Base.lproj/Main.storyboardc/UITabBarController-49e-Tb-3d3.nib/runtime.nib
2023-01-08 03:58:38 +0000  copying file ./Payload/Sileo.app/Base.lproj/Main.storyboardc/UITabBarController-49e-Tb-3d3.nib/objects-14.0+.nib ... 
2023-01-08 03:58:38 +0000  5789 bytes for ./Payload/Sileo.app/Base.lproj/Main.storyboardc/UITabBarController-49e-Tb-3d3.nib/objects-14.0+.nib
2023-01-08 03:58:38 +0000  copying file ./Payload/Sileo.app/Base.lproj/Main.storyboardc/sum-S4-WM1-view-vkS-za-4be.nib/runtime.nib ... 
2023-01-08 03:58:38 +0000  1292 bytes for ./Payload/Sileo.app/Base.lproj/Main.storyboardc/sum-S4-WM1-view-vkS-za-4be.nib/runtime.nib
copying file ./Payload/Sileo.app/Base.lproj/Main.storyboardc/sum-S4-WM1-view-vkS-za-4be.nib/objects-14.0+.nib ... 
2023-01-08 03:58:38 +0000  1292 bytes for ./Payload/Sileo.app/Base.lproj/Main.storyboardc/sum-S4-WM1-view-vkS-za-4be.nib/objects-14.0+.nib
2023-01-08 03:58:38 +0000  copying file ./Payload/Sileo.app/Base.lproj/Main.storyboardc/MMv-GC-pDN-view-Rxc-C4-b82.nib/runtime.nib ... 
2023-01-08 03:58:38 +0000  1197 bytes for ./Payload/Sileo.app/Base.lproj/Main.storyboardc/MMv-GC-pDN-view-Rxc-C4-b82.nib/runtime.nib
copying file ./Payload/Sileo.app/Base.lproj/Main.storyboardc/MMv-GC-pDN-view-Rxc-C4-b82.nib/objects-14.0+.nib ... 
2023-01-08 03:58:38 +0000  1197 bytes for ./Payload/Sileo.app/Base.lproj/Main.storyboardc/MMv-GC-pDN-view-Rxc-C4-b82.nib/objects-14.0+.nib
copying file ./Payload/Sileo.app/Base.lproj/Main.storyboardc/Info.plist ... 
2023-01-08 03:58:38 +0000  264 bytes for ./Payload/Sileo.app/Base.lproj/Main.storyboardc/Info.plist
copying file ./Payload/Sileo.app/Base.lproj/LaunchScreen.storyboardc/01J-lp-oVM-view-Ze5-6b-2t3.nib ... 
2023-01-08 03:58:38 +0000  1197 bytes for ./Payload/Sileo.app/Base.lproj/LaunchScreen.storyboardc/01J-lp-oVM-view-Ze5-6b-2t3.nib
copying file ./Payload/Sileo.app/Base.lproj/LaunchScreen.storyboardc/UIViewController-01J-lp-oVM.nib ... 
2023-01-08 03:58:38 +0000  896 bytes for ./Payload/Sileo.app/Base.lproj/LaunchScreen.storyboardc/UIViewController-01J-lp-oVM.nib
copying file ./Payload/Sileo.app/Base.lproj/LaunchScreen.storyboardc/Info.plist ... 
2023-01-08 03:58:38 +0000  258 bytes for ./Payload/Sileo.app/Base.lproj/LaunchScreen.storyboardc/Info.plist
copying file ./Payload/Sileo.app/Base.lproj/Localizable.stringsdict ... 
2023-01-08 03:58:38 +0000  653 bytes for ./Payload/Sileo.app/Base.lproj/Localizable.stringsdict
copying file ./Payload/Sileo.app/Base.lproj/Categories.strings ... 
2023-01-08 03:58:38 +0000  255 bytes for ./Payload/Sileo.app/Base.lproj/Categories.strings
2023-01-08 03:58:38 +0000  copying file ./Payload/Sileo.app/zh-Hant.lproj/Localizable.strings ... 
2023-01-08 03:58:38 +0000  7659 bytes for ./Payload/Sileo.app/zh-Hant.lproj/Localizable.strings
2023-01-08 03:58:38 +0000  copying file ./Payload/Sileo.app/zh-Hant.lproj/Errors.strings ... 
2023-01-08 03:58:38 +0000  2282 bytes for ./Payload/Sileo.app/zh-Hant.lproj/Errors.strings
copying file ./Payload/Sileo.app/zh-Hant.lproj/Localizable.stringsdict ... 
2023-01-08 03:58:38 +0000  600 bytes for ./Payload/Sileo.app/zh-Hant.lproj/Localizable.stringsdict
copying file ./Payload/Sileo.app/zh-Hant.lproj/Categories.strings ... 
2023-01-08 03:58:38 +0000  294 bytes for ./Payload/Sileo.app/zh-Hant.lproj/Categories.strings
copying file ./Payload/Sileo.app/OG@3x.png ... 
2023-01-08 03:58:38 +0000  11185 bytes for ./Payload/Sileo.app/OG@3x.png
2023-01-08 03:58:38 +0000  copying file ./Payload/Sileo.app/Stardust~ipad@2x.png ... 
2023-01-08 03:58:38 +0000  9522 bytes for ./Payload/Sileo.app/Stardust~ipad@2x.png
2023-01-08 03:58:38 +0000  copying file ./Payload/Sileo.app/Mixture~ipad@3x.png ... 
2023-01-08 03:58:38 +0000  1219 bytes for ./Payload/Sileo.app/Mixture~ipad@3x.png
copying file ./Payload/Sileo.app/FlowerSileo@2x.png ... 
2023-01-08 03:58:38 +0000  2832 bytes for ./Payload/Sileo.app/FlowerSileo@2x.png
copying file ./Payload/Sileo.app/DarkMagic@3x.png ... 
2023-01-08 03:58:38 +0000  13361 bytes for ./Payload/Sileo.app/DarkMagic@3x.png
2023-01-08 03:58:38 +0000  copying file ./Payload/Sileo.app/Odyssey@2x.png ... 
2023-01-08 03:58:38 +0000  4606 bytes for ./Payload/Sileo.app/Odyssey@2x.png
copying file ./Payload/Sileo.app/Hazel@3x.png ... 
2023-01-08 03:58:38 +0000  7292 bytes for ./Payload/Sileo.app/Hazel@3x.png
2023-01-08 03:58:38 +0000  copying file ./Payload/Sileo.app/hu.lproj/Localizable.strings ... 
2023-01-08 03:58:38 +0000  12999 bytes for ./Payload/Sileo.app/hu.lproj/Localizable.strings
2023-01-08 03:58:38 +0000  copying file ./Payload/Sileo.app/hu.lproj/Errors.strings ... 
2023-01-08 03:58:38 +0000  4538 bytes for ./Payload/Sileo.app/hu.lproj/Errors.strings
2023-01-08 03:58:38 +0000  copying file ./Payload/Sileo.app/hu.lproj/Localizable.stringsdict ... 
745 bytes for ./Payload/Sileo.app/hu.lproj/Localizable.stringsdict
2023-01-08 03:58:38 +0000  copying file ./Payload/Sileo.app/hu.lproj/Categories.strings ... 
492 bytes for ./Payload/Sileo.app/hu.lproj/Categories.strings
2023-01-08 03:58:38 +0000  copying file ./Payload/Sileo.app/BlueLemonade~ipad@2x.png ... 
2023-01-08 03:58:38 +0000  7742 bytes for ./Payload/Sileo.app/BlueLemonade~ipad@2x.png
2023-01-08 03:58:38 +0000  copying file ./Payload/Sileo.app/Nightly@2x.png ... 
2023-01-08 03:58:38 +0000  6865 bytes for ./Payload/Sileo.app/Nightly@2x.png
2023-01-08 03:58:38 +0000  copying file ./Payload/Sileo.app/SugarFree@3x.png ... 
2023-01-08 03:58:38 +0000  8583 bytes for ./Payload/Sileo.app/SugarFree@3x.png
2023-01-08 03:58:38 +0000  copying file ./Payload/Sileo.app/PackageListHeaderBlank.nib ... 
2023-01-08 03:58:38 +0000  1057 bytes for ./Payload/Sileo.app/PackageListHeaderBlank.nib
copying file ./Payload/Sileo.app/Assets.car ... 
2023-01-08 03:58:38 +0000  520200 bytes for ./Payload/Sileo.app/Assets.car
copying file ./Payload/Sileo.app/MangoCrazy~ipad@3x.png ... 
2023-01-08 03:58:38 +0000  9650 bytes for ./Payload/Sileo.app/MangoCrazy~ipad@3x.png
copying file ./Payload/Sileo.app/Taurine~ipad@3x.png ... 
2023-01-08 03:58:38 +0000  9150 bytes for ./Payload/Sileo.app/Taurine~ipad@3x.png
2023-01-08 03:58:38 +0000  copying file ./Payload/Sileo.app/tr.lproj/Localizable.strings ... 
2023-01-08 03:58:38 +0000  13263 bytes for ./Payload/Sileo.app/tr.lproj/Localizable.strings
copying file ./Payload/Sileo.app/tr.lproj/Errors.strings ... 
2023-01-08 03:58:38 +0000  4394 bytes for ./Payload/Sileo.app/tr.lproj/Errors.strings
2023-01-08 03:58:38 +0000  copying file ./Payload/Sileo.app/tr.lproj/Localizable.stringsdict ... 
684 bytes for ./Payload/Sileo.app/tr.lproj/Localizable.stringsdict
copying file ./Payload/Sileo.app/tr.lproj/Categories.strings ... 
2023-01-08 03:58:38 +0000  419 bytes for ./Payload/Sileo.app/tr.lproj/Categories.strings
copying file ./Payload/Sileo.app/pl.lproj/Localizable.strings ... 
2023-01-08 03:58:38 +0000  13084 bytes for ./Payload/Sileo.app/pl.lproj/Localizable.strings
copying file ./Payload/Sileo.app/pl.lproj/Errors.strings ... 
2023-01-08 03:58:38 +0000  4635 bytes for ./Payload/Sileo.app/pl.lproj/Errors.strings
copying file ./Payload/Sileo.app/pl.lproj/Localizable.stringsdict ... 
2023-01-08 03:58:38 +0000  761 bytes for ./Payload/Sileo.app/pl.lproj/Localizable.stringsdict
copying file ./Payload/Sileo.app/pl.lproj/Categories.strings ... 
2023-01-08 03:58:38 +0000  386 bytes for ./Payload/Sileo.app/pl.lproj/Categories.strings
copying file ./Payload/Sileo.app/OG~ipad@2x.png ... 
2023-01-08 03:58:38 +0000  8386 bytes for ./Payload/Sileo.app/OG~ipad@2x.png
copying file ./Payload/Sileo.app/Nightly~ipad@2x.png ... 
2023-01-08 03:58:38 +0000  8683 bytes for ./Payload/Sileo.app/Nightly~ipad@2x.png
copying file ./Payload/Sileo.app/AppIcon76x76@2x~ipad.png ... 
2023-01-08 03:58:38 +0000  3757 bytes for ./Payload/Sileo.app/AppIcon76x76@2x~ipad.png
copying file ./Payload/Sileo.app/FeaturedViewController.nib ... 
2023-01-08 03:58:38 +0000  2604 bytes for ./Payload/Sileo.app/FeaturedViewController.nib
2023-01-08 03:58:38 +0000  copying file ./Payload/Sileo.app/InstalledContentsViewController.nib ... 
1333 bytes for ./Payload/Sileo.app/InstalledContentsViewController.nib
2023-01-08 03:58:38 +0000  copying file ./Payload/Sileo.app/OG~ipad@3x.png ... 
2023-01-08 03:58:38 +0000  9793 bytes for ./Payload/Sileo.app/OG~ipad@3x.png
2023-01-08 03:58:38 +0000  copying file ./Payload/Sileo.app/Nightly~ipad@3x.png ... 
2023-01-08 03:58:38 +0000  9337 bytes for ./Payload/Sileo.app/Nightly~ipad@3x.png
2023-01-08 03:58:38 +0000  copying file ./Payload/Sileo.app/pt-BR.lproj/Localizable.strings ... 
2023-01-08 03:58:38 +0000  12548 bytes for ./Payload/Sileo.app/pt-BR.lproj/Localizable.strings
2023-01-08 03:58:38 +0000  copying file ./Payload/Sileo.app/pt-BR.lproj/Errors.strings ... 
2023-01-08 03:58:38 +0000  4157 bytes for ./Payload/Sileo.app/pt-BR.lproj/Errors.strings
copying file ./Payload/Sileo.app/pt-BR.lproj/Localizable.stringsdict ... 
2023-01-08 03:58:38 +0000  734 bytes for ./Payload/Sileo.app/pt-BR.lproj/Localizable.stringsdict
copying file ./Payload/Sileo.app/pt-BR.lproj/Categories.strings ... 
2023-01-08 03:58:38 +0000  371 bytes for ./Payload/Sileo.app/pt-BR.lproj/Categories.strings
copying file ./Payload/Sileo.app/MangoCrazy~ipad@2x.png ... 
2023-01-08 03:58:38 +0000  9030 bytes for ./Payload/Sileo.app/MangoCrazy~ipad@2x.png
2023-01-08 03:58:38 +0000  copying file ./Payload/Sileo.app/Taurine~ipad@2x.png ... 
2023-01-08 03:58:38 +0000  9150 bytes for ./Payload/Sileo.app/Taurine~ipad@2x.png
2023-01-08 03:58:38 +0000  copying file ./Payload/Sileo.app/vi.lproj/Localizable.strings ... 
2023-01-08 03:58:38 +0000  13595 bytes for ./Payload/Sileo.app/vi.lproj/Localizable.strings
2023-01-08 03:58:38 +0000  copying file ./Payload/Sileo.app/vi.lproj/Errors.strings ... 
2023-01-08 03:58:38 +0000  4313 bytes for ./Payload/Sileo.app/vi.lproj/Errors.strings
2023-01-08 03:58:38 +0000  copying file ./Payload/Sileo.app/vi.lproj/Localizable.stringsdict ... 
2023-01-08 03:58:38 +0000  700 bytes for ./Payload/Sileo.app/vi.lproj/Localizable.stringsdict
copying file ./Payload/Sileo.app/vi.lproj/Categories.strings ... 
547 bytes for ./Payload/Sileo.app/vi.lproj/Categories.strings
2023-01-08 03:58:38 +0000  copying file ./Payload/Sileo.app/Sileo ... 
2023-01-08 03:58:38 +0000  10225776 bytes for ./Payload/Sileo.app/Sileo
copying file ./Payload/Sileo.app/Nightly@3x.png ... 
2023-01-08 03:58:38 +0000  9882 bytes for ./Payload/Sileo.app/Nightly@3x.png
2023-01-08 03:58:38 +0000  copying file ./Payload/Sileo.app/SugarFree@2x.png ... 
2023-01-08 03:58:38 +0000  5938 bytes for ./Payload/Sileo.app/SugarFree@2x.png
copying file ./Payload/Sileo.app/BlueLemonade~ipad@3x.png ... 
8326 bytes for ./Payload/Sileo.app/BlueLemonade~ipad@3x.png
copying file ./Payload/Sileo.app/ru.lproj/Localizable.strings ... 
13704 bytes for ./Payload/Sileo.app/ru.lproj/Localizable.strings
copying file ./Payload/Sileo.app/ru.lproj/Errors.strings ... 
4476 bytes for ./Payload/Sileo.app/ru.lproj/Errors.strings
copying file ./Payload/Sileo.app/ru.lproj/Localizable.stringsdict ... 
907 bytes for ./Payload/Sileo.app/ru.lproj/Localizable.stringsdict
copying file ./Payload/Sileo.app/ru.lproj/Categories.strings ... 
477 bytes for ./Payload/Sileo.app/ru.lproj/Categories.strings
copying file ./Payload/Sileo.app/Odyssey@3x.png ... 
6779 bytes for ./Payload/Sileo.app/Odyssey@3x.png
copying file ./Payload/Sileo.app/Hazel@2x.png ... 
5026 bytes for ./Payload/Sileo.app/Hazel@2x.png
copying file ./Payload/Sileo.app/Down_Down.bundle/DownView.bundle/index.html ... 
431 bytes for ./Payload/Sileo.app/Down_Down.bundle/DownView.bundle/index.html
copying file ./Payload/Sileo.app/Down_Down.bundle/DownView.bundle/css/down.min.css ... 
6484 bytes for ./Payload/Sileo.app/Down_Down.bundle/DownView.bundle/css/down.min.css
copying file ./Payload/Sileo.app/Down_Down.bundle/DownView.bundle/js/down.js ... 
30 bytes for ./Payload/Sileo.app/Down_Down.bundle/DownView.bundle/js/down.js
copying file ./Payload/Sileo.app/Down_Down.bundle/DownView.bundle/js/highlight.min.js ... 
2023-01-08 03:58:38 +0000  52630 bytes for ./Payload/Sileo.app/Down_Down.bundle/DownView.bundle/js/highlight.min.js
copying file ./Payload/Sileo.app/Down_Down.bundle/DownView (macOS).bundle/index.html ... 
701 bytes for ./Payload/Sileo.app/Down_Down.bundle/DownView (macOS).bundle/index.html
copying file ./Payload/Sileo.app/Down_Down.bundle/DownView (macOS).bundle/css/down.min.css ... 
13250 bytes for ./Payload/Sileo.app/Down_Down.bundle/DownView (macOS).bundle/css/down.min.css
copying file ./Payload/Sileo.app/Down_Down.bundle/DownView (macOS).bundle/js/down.js ... 
31 bytes for ./Payload/Sileo.app/Down_Down.bundle/DownView (macOS).bundle/js/down.js
copying file ./Payload/Sileo.app/Down_Down.bundle/DownView (macOS).bundle/js/highlight.min.js ... 
2023-01-08 03:58:38 +0000  52630 bytes for ./Payload/Sileo.app/Down_Down.bundle/DownView (macOS).bundle/js/highlight.min.js
copying file ./Payload/Sileo.app/Down_Down.bundle/Info.plist ... 
612 bytes for ./Payload/Sileo.app/Down_Down.bundle/Info.plist
copying file ./Payload/Sileo.app/DarkMagic@2x.png ... 
9219 bytes for ./Payload/Sileo.app/DarkMagic@2x.png
copying file ./Payload/Sileo.app/af.lproj/Localizable.strings ... 
2023-01-08 03:58:38 +0000  9026 bytes for ./Payload/Sileo.app/af.lproj/Localizable.strings
copying file ./Payload/Sileo.app/af.lproj/Errors.strings ... 
3059 bytes for ./Payload/Sileo.app/af.lproj/Errors.strings
2023-01-08 03:58:38 +0000  copying file ./Payload/Sileo.app/af.lproj/Localizable.stringsdict ... 
630 bytes for ./Payload/Sileo.app/af.lproj/Localizable.stringsdict
copying file ./Payload/Sileo.app/af.lproj/Categories.strings ... 
2023-01-08 03:58:38 +0000  360 bytes for ./Payload/Sileo.app/af.lproj/Categories.strings
copying file ./Payload/Sileo.app/FlowerSileo@3x.png ... 
2023-01-08 03:58:38 +0000  8071 bytes for ./Payload/Sileo.app/FlowerSileo@3x.png
2023-01-08 03:58:38 +0000  copying file ./Payload/Sileo.app/NewsPlaceholderCollectionViewCell.nib/runtime.nib ... 
2023-01-08 03:58:38 +0000  4323 bytes for ./Payload/Sileo.app/NewsPlaceholderCollectionViewCell.nib/runtime.nib
copying file ./Payload/Sileo.app/NewsPlaceholderCollectionViewCell.nib/objects-12.3+.nib ... 
2023-01-08 03:58:38 +0000  4531 bytes for ./Payload/Sileo.app/NewsPlaceholderCollectionViewCell.nib/objects-12.3+.nib
2023-01-08 03:58:38 +0000  copying file ./Payload/Sileo.app/NewsDateHeader.nib ... 
2023-01-08 03:58:38 +0000  4360 bytes for ./Payload/Sileo.app/NewsDateHeader.nib
2023-01-08 03:58:38 +0000  copying file ./Payload/Sileo.app/BlueLemonade@2x.png ... 
2023-01-08 03:58:38 +0000  6096 bytes for ./Payload/Sileo.app/BlueLemonade@2x.png
copying file ./Payload/Sileo.app/Electra@3x.png ... 
2023-01-08 03:58:38 +0000  5838 bytes for ./Payload/Sileo.app/Electra@3x.png
copying file ./Payload/Sileo.app/Stardust@2x.png ... 
2023-01-08 03:58:38 +0000  7647 bytes for ./Payload/Sileo.app/Stardust@2x.png
copying file ./Payload/Sileo.app/OceanicBlue@3x.png ... 
2023-01-08 03:58:38 +0000  6696 bytes for ./Payload/Sileo.app/OceanicBlue@3x.png
2023-01-08 03:58:38 +0000  copying file ./Payload/Sileo.app/fr.lproj/Localizable.strings ... 
2023-01-08 03:58:38 +0000  12423 bytes for ./Payload/Sileo.app/fr.lproj/Localizable.strings
2023-01-08 03:58:38 +0000  copying file ./Payload/Sileo.app/fr.lproj/Errors.strings ... 
2023-01-08 03:58:38 +0000  4770 bytes for ./Payload/Sileo.app/fr.lproj/Errors.strings
copying file ./Payload/Sileo.app/fr.lproj/Localizable.stringsdict ... 
2023-01-08 03:58:38 +0000  730 bytes for ./Payload/Sileo.app/fr.lproj/Localizable.stringsdict
2023-01-08 03:58:38 +0000  copying file ./Payload/Sileo.app/fr.lproj/Categories.strings ... 
438 bytes for ./Payload/Sileo.app/fr.lproj/Categories.strings
2023-01-08 03:58:38 +0000  copying file ./Payload/Sileo.app/fi.lproj/Localizable.strings ... 
2023-01-08 03:58:38 +0000  8920 bytes for ./Payload/Sileo.app/fi.lproj/Localizable.strings
2023-01-08 03:58:38 +0000  copying file ./Payload/Sileo.app/fi.lproj/Errors.strings ... 
2023-01-08 03:58:38 +0000  2945 bytes for ./Payload/Sileo.app/fi.lproj/Errors.strings
copying file ./Payload/Sileo.app/fi.lproj/Localizable.stringsdict ... 
2023-01-08 03:58:38 +0000  630 bytes for ./Payload/Sileo.app/fi.lproj/Localizable.stringsdict
copying file ./Payload/Sileo.app/fi.lproj/Categories.strings ... 
2023-01-08 03:58:38 +0000  255 bytes for ./Payload/Sileo.app/fi.lproj/Categories.strings
copying file ./Payload/Sileo.app/Chimera@2x.png ... 
2023-01-08 03:58:38 +0000  7886 bytes for ./Payload/Sileo.app/Chimera@2x.png
2023-01-08 03:58:38 +0000  copying file ./Payload/Sileo.app/Pride@2x.png ... 
2023-01-08 03:58:38 +0000  11813 bytes for ./Payload/Sileo.app/Pride@2x.png
2023-01-08 03:58:38 +0000  copying file ./Payload/Sileo.app/nl.lproj/Localizable.strings ... 
2023-01-08 03:58:38 +0000  10009 bytes for ./Payload/Sileo.app/nl.lproj/Localizable.strings
2023-01-08 03:58:38 +0000  copying file ./Payload/Sileo.app/nl.lproj/Errors.strings ... 
2023-01-08 03:58:38 +0000  3156 bytes for ./Payload/Sileo.app/nl.lproj/Errors.strings
copying file ./Payload/Sileo.app/nl.lproj/Localizable.stringsdict ... 
2023-01-08 03:58:38 +0000  649 bytes for ./Payload/Sileo.app/nl.lproj/Localizable.stringsdict
copying file ./Payload/Sileo.app/nl.lproj/Categories.strings ... 
367 bytes for ./Payload/Sileo.app/nl.lproj/Categories.strings
2023-01-08 03:58:38 +0000  copying file ./Payload/Sileo.app/th.lproj/Localizable.strings ... 
2023-01-08 03:58:38 +0000  10972 bytes for ./Payload/Sileo.app/th.lproj/Localizable.strings
2023-01-08 03:58:38 +0000  copying file ./Payload/Sileo.app/th.lproj/Errors.strings ... 
2023-01-08 03:58:38 +0000  4160 bytes for ./Payload/Sileo.app/th.lproj/Errors.strings
copying file ./Payload/Sileo.app/th.lproj/Localizable.stringsdict ... 
2023-01-08 03:58:38 +0000  662 bytes for ./Payload/Sileo.app/th.lproj/Localizable.stringsdict
copying file ./Payload/Sileo.app/th.lproj/Categories.strings ... 
2023-01-08 03:58:38 +0000  461 bytes for ./Payload/Sileo.app/th.lproj/Categories.strings
copying file ./Payload/Sileo.app/Sus~ipad@3x.png ... 
2023-01-08 03:58:38 +0000  4853 bytes for ./Payload/Sileo.app/Sus~ipad@3x.png
2023-01-08 03:58:38 +0000  copying file ./Payload/Sileo.app/Pride~ipad@2x.png ... 
2023-01-08 03:58:38 +0000  16748 bytes for ./Payload/Sileo.app/Pride~ipad@2x.png
2023-01-08 03:58:38 +0000  copying file ./Payload/Sileo.app/pt.lproj/Localizable.strings ... 
2023-01-08 03:58:38 +0000  11289 bytes for ./Payload/Sileo.app/pt.lproj/Localizable.strings
2023-01-08 03:58:38 +0000  copying file ./Payload/Sileo.app/pt.lproj/Errors.strings ... 
2023-01-08 03:58:38 +0000  4383 bytes for ./Payload/Sileo.app/pt.lproj/Errors.strings
copying file ./Payload/Sileo.app/pt.lproj/Localizable.stringsdict ... 
2023-01-08 03:58:38 +0000  734 bytes for ./Payload/Sileo.app/pt.lproj/Localizable.stringsdict
copying file ./Payload/Sileo.app/pt.lproj/Categories.strings ... 
2023-01-08 03:58:38 +0000  371 bytes for ./Payload/Sileo.app/pt.lproj/Categories.strings
copying file ./Payload/Sileo.app/Odyssey~ipad@3x.png ... 
2023-01-08 03:58:38 +0000  6290 bytes for ./Payload/Sileo.app/Odyssey~ipad@3x.png
2023-01-08 03:58:38 +0000  copying file ./Payload/Sileo.app/OceanicBlue~ipad@3x.png ... 
2023-01-08 03:58:38 +0000  6281 bytes for ./Payload/Sileo.app/OceanicBlue~ipad@3x.png
2023-01-08 03:58:38 +0000  copying file ./Payload/Sileo.app/DepictionSubpageViewController.nib ... 
2023-01-08 03:58:38 +0000  2465 bytes for ./Payload/Sileo.app/DepictionSubpageViewController.nib
copying file ./Payload/Sileo.app/StrawberrySunset~ipad@2x.png ... 
2023-01-08 03:58:38 +0000  4820 bytes for ./Payload/Sileo.app/StrawberrySunset~ipad@2x.png
2023-01-08 03:58:38 +0000  copying file ./Payload/Sileo.app/Cheyote@3x.png ... 
2023-01-08 03:58:38 +0000  16631 bytes for ./Payload/Sileo.app/Cheyote@3x.png
2023-01-08 03:58:38 +0000  copying file ./Payload/Sileo.app/Chimera~ipad@2x.png ... 
2023-01-08 03:58:38 +0000  10150 bytes for ./Payload/Sileo.app/Chimera~ipad@2x.png
2023-01-08 03:58:38 +0000  copying file ./Payload/Sileo.app/embedded.mobileprovision ... 
2023-01-08 03:58:38 +0000  16415 bytes for ./Payload/Sileo.app/embedded.mobileprovision
2023-01-08 03:58:38 +0000  copying file ./Payload/Sileo.app/Chimera~ipad@3x.png ... 
2023-01-08 03:58:38 +0000  11476 bytes for ./Payload/Sileo.app/Chimera~ipad@3x.png
2023-01-08 03:58:38 +0000  copying file ./Payload/Sileo.app/Cheyote@2x.png ... 
2023-01-08 03:58:38 +0000  11197 bytes for ./Payload/Sileo.app/Cheyote@2x.png
2023-01-08 03:58:38 +0000  copying file ./Payload/Sileo.app/StrawberrySunset~ipad@3x.png ... 
2023-01-08 03:58:38 +0000  5493 bytes for ./Payload/Sileo.app/StrawberrySunset~ipad@3x.png
copying file ./Payload/Sileo.app/PackageListViewController.nib ... 
2023-01-08 03:58:38 +0000  2172 bytes for ./Payload/Sileo.app/PackageListViewController.nib
2023-01-08 03:58:38 +0000  copying file ./Payload/Sileo.app/NewsArticleCollectionViewCell.nib/runtime.nib ... 
2023-01-08 03:58:38 +0000  8256 bytes for ./Payload/Sileo.app/NewsArticleCollectionViewCell.nib/runtime.nib
2023-01-08 03:58:38 +0000  copying file ./Payload/Sileo.app/NewsArticleCollectionViewCell.nib/objects-12.3+.nib ... 
2023-01-08 03:58:38 +0000  8464 bytes for ./Payload/Sileo.app/NewsArticleCollectionViewCell.nib/objects-12.3+.nib
2023-01-08 03:58:38 +0000  copying file ./Payload/Sileo.app/ro.lproj/Localizable.strings ... 
2023-01-08 03:58:38 +0000  13434 bytes for ./Payload/Sileo.app/ro.lproj/Localizable.strings
2023-01-08 03:58:38 +0000  copying file ./Payload/Sileo.app/ro.lproj/Errors.strings ... 
2023-01-08 03:58:38 +0000  4482 bytes for ./Payload/Sileo.app/ro.lproj/Errors.strings
copying file ./Payload/Sileo.app/ro.lproj/Localizable.stringsdict ... 
2023-01-08 03:58:38 +0000  745 bytes for ./Payload/Sileo.app/ro.lproj/Localizable.stringsdict
copying file ./Payload/Sileo.app/ro.lproj/Categories.strings ... 
2023-01-08 03:58:38 +0000  389 bytes for ./Payload/Sileo.app/ro.lproj/Categories.strings
copying file ./Payload/Sileo.app/OceanicBlue~ipad@2x.png ... 
2023-01-08 03:58:38 +0000  5636 bytes for ./Payload/Sileo.app/OceanicBlue~ipad@2x.png
2023-01-08 03:58:38 +0000  copying file ./Payload/Sileo.app/Odyssey~ipad@2x.png ... 
2023-01-08 03:58:38 +0000  5782 bytes for ./Payload/Sileo.app/Odyssey~ipad@2x.png
copying file ./Payload/Sileo.app/Pride~ipad@3x.png ... 
2023-01-08 03:58:38 +0000  18989 bytes for ./Payload/Sileo.app/Pride~ipad@3x.png
2023-01-08 03:58:38 +0000  copying file ./Payload/Sileo.app/Info.plist ... 
2023-01-08 03:58:38 +0000  5630 bytes for ./Payload/Sileo.app/Info.plist
2023-01-08 03:58:38 +0000  copying file ./Payload/Sileo.app/Sus~ipad@2x.png ... 
2023-01-08 03:58:38 +0000  4410 bytes for ./Payload/Sileo.app/Sus~ipad@2x.png
copying file ./Payload/Sileo.app/Pride@3x.png ... 
2023-01-08 03:58:38 +0000  21265 bytes for ./Payload/Sileo.app/Pride@3x.png
2023-01-08 03:58:38 +0000  copying file ./Payload/Sileo.app/Chimera@3x.png ... 
2023-01-08 03:58:38 +0000  12416 bytes for ./Payload/Sileo.app/Chimera@3x.png
2023-01-08 03:58:38 +0000  copying file ./Payload/Sileo.app/OceanicBlue@2x.png ... 
2023-01-08 03:58:38 +0000  4483 bytes for ./Payload/Sileo.app/OceanicBlue@2x.png
copying file ./Payload/Sileo.app/PkgInfo ... 
2023-01-08 03:58:38 +0000  8 bytes for ./Payload/Sileo.app/PkgInfo
copying file ./Payload/Sileo.app/ca.lproj/Localizable.strings ... 
2023-01-08 03:58:38 +0000  8920 bytes for ./Payload/Sileo.app/ca.lproj/Localizable.strings
2023-01-08 03:58:38 +0000  copying file ./Payload/Sileo.app/ca.lproj/Errors.strings ... 
2023-01-08 03:58:38 +0000  2945 bytes for ./Payload/Sileo.app/ca.lproj/Errors.strings
copying file ./Payload/Sileo.app/ca.lproj/Localizable.stringsdict ... 
2023-01-08 03:58:38 +0000  630 bytes for ./Payload/Sileo.app/ca.lproj/Localizable.stringsdict
copying file ./Payload/Sileo.app/ca.lproj/Categories.strings ... 
255 bytes for ./Payload/Sileo.app/ca.lproj/Categories.strings
copying file ./Payload/Sileo.app/Stardust@3x.png ... 
2023-01-08 03:58:38 +0000  11172 bytes for ./Payload/Sileo.app/Stardust@3x.png
copying file ./Payload/Sileo.app/Electra@2x.png ... 
2023-01-08 03:58:38 +0000  3966 bytes for ./Payload/Sileo.app/Electra@2x.png
copying file ./Payload/Sileo.app/BlueLemonade@3x.png ... 
2023-01-08 03:58:38 +0000  8917 bytes for ./Payload/Sileo.app/BlueLemonade@3x.png
2023-01-08 03:58:38 +0000  /usr/bin/ditto exited with 0
2023-01-08 03:58:38 +0000  Processing step: IDEDistributionAppStoreInformationStep
2023-01-08 03:58:38 +0000  Skipping step: IDEDistributionAppStoreInformationStep because it said so
2023-01-08 03:58:38 +0000  Processing step: IDEDistributionGenerateProcessedDistributionItems
2023-01-08 03:58:38 +0000  IDEDistributionItem init <DVTFilePath:0x7f96a5333f10:'/var/folders/hr/0334klxx5jgcmrbyv4bywpnc0000gn/T/XcodeDistPipeline.~~~dhepU0/Root/Payload/Sileo.app'>
2023-01-08 03:58:38 +0000  Processing step: IDEDistributionCreateManifestStep
